Connected! Sendor lamp001
Subscribe to topic '/ul/4jggokgpepnvsb2uv4s40d59op/weatherStation001/attrs'
Received Sensor: /ul/4jggokgpepnvsb2uv4s40d59op/weatherStation001/attrs
Received Sensor: /ul/4jggokgpepnvsb2uv4s40d59op/weatherStation001/attrs
┌─────────────┬─────────┬────────────┬──────────────────────────┬────────────────────────┐
│   (index)   │  state  │ luminosity │           date           │         Values         │
├─────────────┼─────────┼────────────┼──────────────────────────┼────────────────────────┤
│  device_id  │         │            │                          │       'lamp001'        │
│  transport  │         │            │                          │         'MQTT'         │
│ entity_name │         │            │                          │ 'urn:ngsi-ld:Lamp:001' │
│    data     │ 'NORTH' │  '05.42'   │ 2022-06-17T13:49:05.809Z │                        │
└─────────────┴─────────┴────────────┴──────────────────────────┴────────────────────────┘
Received Sensor: /ul/4jggokgpepnvsb2uv4s40d59op/weatherStation001/attrs
Received Sensor: /ul/4jggokgpepnvsb2uv4s40d59op/weatherStation001/attrs
Received Sensor: /ul/4jggokgpepnvsb2uv4s40d59op/weatherStation001/attrs
Received Sensor: /ul/4jggokgpepnvsb2uv4s40d59op/weatherStation001/attrs
Received Sensor: /ul/4jggokgpepnvsb2uv4s40d59op/weatherStation001/attrs
┌─────────────┬─────────┬────────────┬──────────────────────────┬────────────────────────┐
│   (index)   │  state  │ luminosity │           date           │         Values         │
├─────────────┼─────────┼────────────┼──────────────────────────┼────────────────────────┤
│  device_id  │         │            │                          │       'lamp001'        │
│  transport  │         │            │                          │         'MQTT'         │
│ entity_name │         │            │                          │ 'urn:ngsi-ld:Lamp:001' │
│    data     │ 'NORTH' │  '08.08'   │ 2022-06-17T14:49:05.866Z │                        │
└─────────────┴─────────┴────────────┴──────────────────────────┴────────────────────────┘
Received Sensor: /ul/4jggokgpepnvsb2uv4s40d59op/weatherStation001/attrs
┌─────────────┬─────────┬────────────┬──────────────────────────┬────────────────────────┐
│   (index)   │  state  │ luminosity │           date           │         Values         │
├─────────────┼─────────┼────────────┼──────────────────────────┼────────────────────────┤
│  device_id  │         │            │                          │       'lamp001'        │
│  transport  │         │            │                          │         'MQTT'         │
│ entity_name │         │            │                          │ 'urn:ngsi-ld:Lamp:001' │
│    data     │ 'SOUTH' │  '04.33'   │ 2022-06-17T15:49:05.911Z │                        │
└─────────────┴─────────┴────────────┴──────────────────────────┴────────────────────────┘
Received Sensor: /ul/4jggokgpepnvsb2uv4s40d59op/weatherStation001/attrs
┌─────────────┬─────────┬────────────┬──────────────────────────┬────────────────────────┐
│   (index)   │  state  │ luminosity │           date           │         Values         │
├─────────────┼─────────┼────────────┼──────────────────────────┼────────────────────────┤
│  device_id  │         │            │                          │       'lamp001'        │
│  transport  │         │            │                          │         'MQTT'         │
│ entity_name │         │            │                          │ 'urn:ngsi-ld:Lamp:001' │
│    data     │ 'SOUTH' │  '09.59'   │ 2022-06-17T16:49:05.968Z │                        │
└─────────────┴─────────┴────────────┴──────────────────────────┴────────────────────────┘
Received Sensor: /ul/4jggokgpepnvsb2uv4s40d59op/weatherStation001/attrs
┌─────────────┬─────────┬────────────┬──────────────────────────┬────────────────────────┐
│   (index)   │  state  │ luminosity │           date           │         Values         │
├─────────────┼─────────┼────────────┼──────────────────────────┼────────────────────────┤
│  device_id  │         │            │                          │       'lamp001'        │
│  transport  │         │            │                          │         'MQTT'         │
│ entity_name │         │            │                          │ 'urn:ngsi-ld:Lamp:001' │
│    data     │ 'NORTH' │  '07.76'   │ 2022-06-17T17:49:06.019Z │                        │
└─────────────┴─────────┴────────────┴──────────────────────────┴────────────────────────┘
Received Sensor: /ul/4jggokgpepnvsb2uv4s40d59op/weatherStation001/attrs
┌─────────────┬─────────┬────────────┬──────────────────────────┬────────────────────────┐
│   (index)   │  state  │ luminosity │           date           │         Values         │
├─────────────┼─────────┼────────────┼──────────────────────────┼────────────────────────┤
│  device_id  │         │            │                          │       'lamp001'        │
│  transport  │         │            │                          │         'MQTT'         │
│ entity_name │         │            │                          │ 'urn:ngsi-ld:Lamp:001' │
│    data     │ 'NORTH' │  '08.26'   │ 2022-06-17T18:49:06.074Z │                        │
└─────────────┴─────────┴────────────┴──────────────────────────┴────────────────────────┘
Received Sensor: /ul/4jggokgpepnvsb2uv4s40d59op/weatherStation001/attrs
┌─────────────┬─────────┬────────────┬──────────────────────────┬────────────────────────┐
│   (index)   │  state  │ luminosity │           date           │         Values         │
├─────────────┼─────────┼────────────┼──────────────────────────┼────────────────────────┤
│  device_id  │         │            │                          │       'lamp001'        │
│  transport  │         │            │                          │         'MQTT'         │
│ entity_name │         │            │                          │ 'urn:ngsi-ld:Lamp:001' │
│    data     │ 'NORTH' │  '09.63'   │ 2022-06-17T19:49:06.100Z │                        │
└─────────────┴─────────┴────────────┴──────────────────────────┴────────────────────────┘
Received Sensor: /ul/4jggokgpepnvsb2uv4s40d59op/weatherStation001/attrs
┌─────────────┬─────────┬────────────┬──────────────────────────┬────────────────────────┐
│   (index)   │  state  │ luminosity │           date           │         Values         │
├─────────────┼─────────┼────────────┼──────────────────────────┼────────────────────────┤
│  device_id  │         │            │                          │       'lamp001'        │
│  transport  │         │            │                          │         'MQTT'         │
│ entity_name │         │            │                          │ 'urn:ngsi-ld:Lamp:001' │
│    data     │ 'SOUTH' │  '06.49'   │ 2022-06-17T20:49:06.145Z │                        │
└─────────────┴─────────┴────────────┴──────────────────────────┴────────────────────────┘
Received Sensor: /ul/4jggokgpepnvsb2uv4s40d59op/weatherStation001/attrs
┌─────────────┬─────────┬────────────┬──────────────────────────┬────────────────────────┐
│   (index)   │  state  │ luminosity │           date           │         Values         │
├─────────────┼─────────┼────────────┼──────────────────────────┼────────────────────────┤
│  device_id  │         │            │                          │       'lamp001'        │
│  transport  │         │            │                          │         'MQTT'         │
│ entity_name │         │            │                          │ 'urn:ngsi-ld:Lamp:001' │
│    data     │ 'SOUTH' │  '08.76'   │ 2022-06-17T21:49:06.203Z │                        │
└─────────────┴─────────┴────────────┴──────────────────────────┴────────────────────────┘
Received Sensor: /ul/4jggokgpepnvsb2uv4s40d59op/weatherStation001/attrs
┌─────────────┬─────────┬────────────┬──────────────────────────┬────────────────────────┐
│   (index)   │  state  │ luminosity │           date           │         Values         │
├─────────────┼─────────┼────────────┼──────────────────────────┼────────────────────────┤
│  device_id  │         │            │                          │       'lamp001'        │
│  transport  │         │            │                          │         'MQTT'         │
│ entity_name │         │            │                          │ 'urn:ngsi-ld:Lamp:001' │
│    data     │ 'NORTH' │  '07.47'   │ 2022-06-17T22:49:06.260Z │                        │
└─────────────┴─────────┴────────────┴──────────────────────────┴────────────────────────┘
Received Sensor: /ul/4jggokgpepnvsb2uv4s40d59op/weatherStation001/attrs
┌─────────────┬─────────┬────────────┬──────────────────────────┬────────────────────────┐
│   (index)   │  state  │ luminosity │           date           │         Values         │
├─────────────┼─────────┼────────────┼──────────────────────────┼────────────────────────┤
│  device_id  │         │            │                          │       'lamp001'        │
│  transport  │         │            │                          │         'MQTT'         │
│ entity_name │         │            │                          │ 'urn:ngsi-ld:Lamp:001' │
│    data     │ 'NORTH' │  '08.04'   │ 2022-06-17T23:49:06.304Z │                        │
└─────────────┴─────────┴────────────┴──────────────────────────┴────────────────────────┘
Received Sensor: /ul/4jggokgpepnvsb2uv4s40d59op/weatherStation001/attrs
┌─────────────┬─────────┬────────────┬──────────────────────────┬────────────────────────┐
│   (index)   │  state  │ luminosity │           date           │         Values         │
├─────────────┼─────────┼────────────┼──────────────────────────┼────────────────────────┤
│  device_id  │         │            │                          │       'lamp001'        │
│  transport  │         │            │                          │         'MQTT'         │
│ entity_name │         │            │                          │ 'urn:ngsi-ld:Lamp:001' │
│    data     │ 'NORTH' │  '00.19'   │ 2022-06-18T00:49:06.362Z │                        │
└─────────────┴─────────┴────────────┴──────────────────────────┴────────────────────────┘
Received Sensor: /ul/4jggokgpepnvsb2uv4s40d59op/weatherStation001/attrs
┌─────────────┬─────────┬────────────┬──────────────────────────┬────────────────────────┐
│   (index)   │  state  │ luminosity │           date           │         Values         │
├─────────────┼─────────┼────────────┼──────────────────────────┼────────────────────────┤
│  device_id  │         │            │                          │       'lamp001'        │
│  transport  │         │            │                          │         'MQTT'         │
│ entity_name │         │            │                          │ 'urn:ngsi-ld:Lamp:001' │
│    data     │ 'NORTH' │  '06.26'   │ 2022-06-18T01:49:06.394Z │                        │
└─────────────┴─────────┴────────────┴──────────────────────────┴────────────────────────┘
Received Sensor: /ul/4jggokgpepnvsb2uv4s40d59op/weatherStation001/attrs
┌─────────────┬─────────┬────────────┬──────────────────────────┬────────────────────────┐
│   (index)   │  state  │ luminosity │           date           │         Values         │
├─────────────┼─────────┼────────────┼──────────────────────────┼────────────────────────┤
│  device_id  │         │            │                          │       'lamp001'        │
│  transport  │         │            │                          │         'MQTT'         │
│ entity_name │         │            │                          │ 'urn:ngsi-ld:Lamp:001' │
│    data     │ 'SOUTH' │  '01.74'   │ 2022-06-18T02:49:06.436Z │                        │
└─────────────┴─────────┴────────────┴──────────────────────────┴────────────────────────┘
Received Sensor: /ul/4jggokgpepnvsb2uv4s40d59op/weatherStation001/attrs
┌─────────────┬─────────┬────────────┬──────────────────────────┬────────────────────────┐
│   (index)   │  state  │ luminosity │           date           │         Values         │
├─────────────┼─────────┼────────────┼──────────────────────────┼────────────────────────┤
│  device_id  │         │            │                          │       'lamp001'        │
│  transport  │         │            │                          │         'MQTT'         │
│ entity_name │         │            │                          │ 'urn:ngsi-ld:Lamp:001' │
│    data     │ 'SOUTH' │  '07.49'   │ 2022-06-18T03:49:06.487Z │                        │
└─────────────┴─────────┴────────────┴──────────────────────────┴────────────────────────┘
Received Sensor: /ul/4jggokgpepnvsb2uv4s40d59op/weatherStation001/attrs
┌─────────────┬─────────┬────────────┬──────────────────────────┬────────────────────────┐
│   (index)   │  state  │ luminosity │           date           │         Values         │
├─────────────┼─────────┼────────────┼──────────────────────────┼────────────────────────┤
│  device_id  │         │            │                          │       'lamp001'        │
│  transport  │         │            │                          │         'MQTT'         │
│ entity_name │         │            │                          │ 'urn:ngsi-ld:Lamp:001' │
│    data     │ 'NORTH' │  '01.52'   │ 2022-06-18T04:49:06.514Z │                        │
└─────────────┴─────────┴────────────┴──────────────────────────┴────────────────────────┘
Received Sensor: /ul/4jggokgpepnvsb2uv4s40d59op/weatherStation001/attrs
┌─────────────┬─────────┬────────────┬──────────────────────────┬────────────────────────┐
│   (index)   │  state  │ luminosity │           date           │         Values         │
├─────────────┼─────────┼────────────┼──────────────────────────┼────────────────────────┤
│  device_id  │         │            │                          │       'lamp001'        │
│  transport  │         │            │                          │         'MQTT'         │
│ entity_name │         │            │                          │ 'urn:ngsi-ld:Lamp:001' │
│    data     │ 'NORTH' │  '04.80'   │ 2022-06-18T05:49:06.572Z │                        │
└─────────────┴─────────┴────────────┴──────────────────────────┴────────────────────────┘
Received Sensor: /ul/4jggokgpepnvsb2uv4s40d59op/weatherStation001/attrs
┌─────────────┬─────────┬────────────┬──────────────────────────┬────────────────────────┐
│   (index)   │  state  │ luminosity │           date           │         Values         │
├─────────────┼─────────┼────────────┼──────────────────────────┼────────────────────────┤
│  device_id  │         │            │                          │       'lamp001'        │
│  transport  │         │            │                          │         'MQTT'         │
│ entity_name │         │            │                          │ 'urn:ngsi-ld:Lamp:001' │
│    data     │ 'NORTH' │  '03.25'   │ 2022-06-18T06:49:06.629Z │                        │
└─────────────┴─────────┴────────────┴──────────────────────────┴────────────────────────┘
Received Sensor: /ul/4jggokgpepnvsb2uv4s40d59op/weatherStation001/attrs
┌─────────────┬─────────┬────────────┬──────────────────────────┬────────────────────────┐
│   (index)   │  state  │ luminosity │           date           │         Values         │
├─────────────┼─────────┼────────────┼──────────────────────────┼────────────────────────┤
│  device_id  │         │            │                          │       'lamp001'        │
│  transport  │         │            │                          │         'MQTT'         │
│ entity_name │         │            │                          │ 'urn:ngsi-ld:Lamp:001' │
│    data     │ 'SOUTH' │  '00.87'   │ 2022-06-18T07:49:06.673Z │                        │
└─────────────┴─────────┴────────────┴──────────────────────────┴────────────────────────┘
Received Sensor: /ul/4jggokgpepnvsb2uv4s40d59op/weatherStation001/attrs
┌─────────────┬─────────┬────────────┬──────────────────────────┬────────────────────────┐
│   (index)   │  state  │ luminosity │           date           │         Values         │
├─────────────┼─────────┼────────────┼──────────────────────────┼────────────────────────┤
│  device_id  │         │            │                          │       'lamp001'        │
│  transport  │         │            │                          │         'MQTT'         │
│ entity_name │         │            │                          │ 'urn:ngsi-ld:Lamp:001' │
│    data     │ 'NORTH' │  '04.78'   │ 2022-06-18T08:49:06.723Z │                        │
└─────────────┴─────────┴────────────┴──────────────────────────┴────────────────────────┘
Received Sensor: /ul/4jggokgpepnvsb2uv4s40d59op/weatherStation001/attrs
┌─────────────┬─────────┬────────────┬──────────────────────────┬────────────────────────┐
│   (index)   │  state  │ luminosity │           date           │         Values         │
├─────────────┼─────────┼────────────┼──────────────────────────┼────────────────────────┤
│  device_id  │         │            │                          │       'lamp001'        │
│  transport  │         │            │                          │         'MQTT'         │
│ entity_name │         │            │                          │ 'urn:ngsi-ld:Lamp:001' │
│    data     │ 'NORTH' │  '03.40'   │ 2022-06-18T09:49:06.778Z │                        │
└─────────────┴─────────┴────────────┴──────────────────────────┴────────────────────────┘
Received Sensor: /ul/4jggokgpepnvsb2uv4s40d59op/weatherStation001/attrs
┌─────────────┬─────────┬────────────┬──────────────────────────┬────────────────────────┐
│   (index)   │  state  │ luminosity │           date           │         Values         │
├─────────────┼─────────┼────────────┼──────────────────────────┼────────────────────────┤
│  device_id  │         │            │                          │       'lamp001'        │
│  transport  │         │            │                          │         'MQTT'         │
│ entity_name │         │            │                          │ 'urn:ngsi-ld:Lamp:001' │
│    data     │ 'NORTH' │  '00.27'   │ 2022-06-18T10:49:06.834Z │                        │
└─────────────┴─────────┴────────────┴──────────────────────────┴────────────────────────┘
Received Sensor: /ul/4jggokgpepnvsb2uv4s40d59op/weatherStation001/attrs
┌─────────────┬─────────┬────────────┬──────────────────────────┬────────────────────────┐
│   (index)   │  state  │ luminosity │           date           │         Values         │
├─────────────┼─────────┼────────────┼──────────────────────────┼────────────────────────┤
│  device_id  │         │            │                          │       'lamp001'        │
│  transport  │         │            │                          │         'MQTT'         │
│ entity_name │         │            │                          │ 'urn:ngsi-ld:Lamp:001' │
│    data     │ 'NORTH' │  '00.74'   │ 2022-06-18T11:49:06.890Z │                        │
└─────────────┴─────────┴────────────┴──────────────────────────┴────────────────────────┘
Received Sensor: /ul/4jggokgpepnvsb2uv4s40d59op/weatherStation001/attrs
┌─────────────┬─────────┬────────────┬──────────────────────────┬────────────────────────┐
│   (index)   │  state  │ luminosity │           date           │         Values         │
├─────────────┼─────────┼────────────┼──────────────────────────┼────────────────────────┤
│  device_id  │         │            │                          │       'lamp001'        │
│  transport  │         │            │                          │         'MQTT'         │
│ entity_name │         │            │                          │ 'urn:ngsi-ld:Lamp:001' │
│    data     │ 'SOUTH' │  '08.66'   │ 2022-06-18T12:49:06.907Z │                        │
└─────────────┴─────────┴────────────┴──────────────────────────┴────────────────────────┘
Received Sensor: /ul/4jggokgpepnvsb2uv4s40d59op/weatherStation001/attrs
┌─────────────┬─────────┬────────────┬──────────────────────────┬────────────────────────┐
│   (index)   │  state  │ luminosity │           date           │         Values         │
├─────────────┼─────────┼────────────┼──────────────────────────┼────────────────────────┤
│  device_id  │         │            │                          │       'lamp001'        │
│  transport  │         │            │                          │         'MQTT'         │
│ entity_name │         │            │                          │ 'urn:ngsi-ld:Lamp:001' │
│    data     │ 'SOUTH' │  '08.70'   │ 2022-06-18T13:49:06.949Z │                        │
└─────────────┴─────────┴────────────┴──────────────────────────┴────────────────────────┘
Received Sensor: /ul/4jggokgpepnvsb2uv4s40d59op/weatherStation001/attrs
┌─────────────┬─────────┬────────────┬──────────────────────────┬────────────────────────┐
│   (index)   │  state  │ luminosity │           date           │         Values         │
├─────────────┼─────────┼────────────┼──────────────────────────┼────────────────────────┤
│  device_id  │         │            │                          │       'lamp001'        │
│  transport  │         │            │                          │         'MQTT'         │
│ entity_name │         │            │                          │ 'urn:ngsi-ld:Lamp:001' │
│    data     │ 'NORTH' │  '06.41'   │ 2022-06-18T14:49:06.991Z │                        │
└─────────────┴─────────┴────────────┴──────────────────────────┴────────────────────────┘
Received Sensor: /ul/4jggokgpepnvsb2uv4s40d59op/weatherStation001/attrs
┌─────────────┬─────────┬────────────┬──────────────────────────┬────────────────────────┐
│   (index)   │  state  │ luminosity │           date           │         Values         │
├─────────────┼─────────┼────────────┼──────────────────────────┼────────────────────────┤
│  device_id  │         │            │                          │       'lamp001'        │
│  transport  │         │            │                          │         'MQTT'         │
│ entity_name │         │            │                          │ 'urn:ngsi-ld:Lamp:001' │
│    data     │ 'NORTH' │  '00.52'   │ 2022-06-18T15:49:07.041Z │                        │
└─────────────┴─────────┴────────────┴──────────────────────────┴────────────────────────┘
Received Sensor: /ul/4jggokgpepnvsb2uv4s40d59op/weatherStation001/attrs
┌─────────────┬─────────┬────────────┬──────────────────────────┬────────────────────────┐
│   (index)   │  state  │ luminosity │           date           │         Values         │
├─────────────┼─────────┼────────────┼──────────────────────────┼────────────────────────┤
│  device_id  │         │            │                          │       'lamp001'        │
│  transport  │         │            │                          │         'MQTT'         │
│ entity_name │         │            │                          │ 'urn:ngsi-ld:Lamp:001' │
│    data     │ 'SOUTH' │  '05.11'   │ 2022-06-18T16:49:07.082Z │                        │
└─────────────┴─────────┴────────────┴──────────────────────────┴────────────────────────┘
Received Sensor: /ul/4jggokgpepnvsb2uv4s40d59op/weatherStation001/attrs
┌─────────────┬─────────┬────────────┬──────────────────────────┬────────────────────────┐
│   (index)   │  state  │ luminosity │           date           │         Values         │
├─────────────┼─────────┼────────────┼──────────────────────────┼────────────────────────┤
│  device_id  │         │            │                          │       'lamp001'        │
│  transport  │         │            │                          │         'MQTT'         │
│ entity_name │         │            │                          │ 'urn:ngsi-ld:Lamp:001' │
│    data     │ 'NORTH' │  '08.12'   │ 2022-06-18T17:49:07.138Z │                        │
└─────────────┴─────────┴────────────┴──────────────────────────┴────────────────────────┘
Received Sensor: /ul/4jggokgpepnvsb2uv4s40d59op/weatherStation001/attrs
┌─────────────┬─────────┬────────────┬──────────────────────────┬────────────────────────┐
│   (index)   │  state  │ luminosity │           date           │         Values         │
├─────────────┼─────────┼────────────┼──────────────────────────┼────────────────────────┤
│  device_id  │         │            │                          │       'lamp001'        │
│  transport  │         │            │                          │         'MQTT'         │
│ entity_name │         │            │                          │ 'urn:ngsi-ld:Lamp:001' │
│    data     │ 'NORTH' │  '06.60'   │ 2022-06-18T18:49:07.196Z │                        │
└─────────────┴─────────┴────────────┴──────────────────────────┴────────────────────────┘
Received Sensor: /ul/4jggokgpepnvsb2uv4s40d59op/weatherStation001/attrs
┌─────────────┬─────────┬────────────┬──────────────────────────┬────────────────────────┐
│   (index)   │  state  │ luminosity │           date           │         Values         │
├─────────────┼─────────┼────────────┼──────────────────────────┼────────────────────────┤
│  device_id  │         │            │                          │       'lamp001'        │
│  transport  │         │            │                          │         'MQTT'         │
│ entity_name │         │            │                          │ 'urn:ngsi-ld:Lamp:001' │
│    data     │ 'NORTH' │  '07.85'   │ 2022-06-18T19:49:07.253Z │                        │
└─────────────┴─────────┴────────────┴──────────────────────────┴────────────────────────┘
Received Sensor: /ul/4jggokgpepnvsb2uv4s40d59op/weatherStation001/attrs
┌─────────────┬─────────┬────────────┬──────────────────────────┬────────────────────────┐
│   (index)   │  state  │ luminosity │           date           │         Values         │
├─────────────┼─────────┼────────────┼──────────────────────────┼────────────────────────┤
│  device_id  │         │            │                          │       'lamp001'        │
│  transport  │         │            │                          │         'MQTT'         │
│ entity_name │         │            │                          │ 'urn:ngsi-ld:Lamp:001' │
│    data     │ 'SOUTH' │  '03.88'   │ 2022-06-18T20:49:07.295Z │                        │
└─────────────┴─────────┴────────────┴──────────────────────────┴────────────────────────┘
Received Sensor: /ul/4jggokgpepnvsb2uv4s40d59op/weatherStation001/attrs
┌─────────────┬─────────┬────────────┬──────────────────────────┬────────────────────────┐
│   (index)   │  state  │ luminosity │           date           │         Values         │
├─────────────┼─────────┼────────────┼──────────────────────────┼────────────────────────┤
│  device_id  │         │            │                          │       'lamp001'        │
│  transport  │         │            │                          │         'MQTT'         │
│ entity_name │         │            │                          │ 'urn:ngsi-ld:Lamp:001' │
│    data     │ 'NORTH' │  '05.15'   │ 2022-06-18T21:49:07.352Z │                        │
└─────────────┴─────────┴────────────┴──────────────────────────┴────────────────────────┘
Received Sensor: /ul/4jggokgpepnvsb2uv4s40d59op/weatherStation001/attrs
┌─────────────┬─────────┬────────────┬──────────────────────────┬────────────────────────┐
│   (index)   │  state  │ luminosity │           date           │         Values         │
├─────────────┼─────────┼────────────┼──────────────────────────┼────────────────────────┤
│  device_id  │         │            │                          │       'lamp001'        │
│  transport  │         │            │                          │         'MQTT'         │
│ entity_name │         │            │                          │ 'urn:ngsi-ld:Lamp:001' │
│    data     │ 'SOUTH' │  '06.67'   │ 2022-06-18T22:49:07.391Z │                        │
└─────────────┴─────────┴────────────┴──────────────────────────┴────────────────────────┘
Received Sensor: /ul/4jggokgpepnvsb2uv4s40d59op/weatherStation001/attrs
┌─────────────┬─────────┬────────────┬──────────────────────────┬────────────────────────┐
│   (index)   │  state  │ luminosity │           date           │         Values         │
├─────────────┼─────────┼────────────┼──────────────────────────┼────────────────────────┤
│  device_id  │         │            │                          │       'lamp001'        │
│  transport  │         │            │                          │         'MQTT'         │
│ entity_name │         │            │                          │ 'urn:ngsi-ld:Lamp:001' │
│    data     │ 'SOUTH' │  '07.04'   │ 2022-06-18T23:49:07.425Z │                        │
└─────────────┴─────────┴────────────┴──────────────────────────┴────────────────────────┘
Received Sensor: /ul/4jggokgpepnvsb2uv4s40d59op/weatherStation001/attrs
┌─────────────┬─────────┬────────────┬──────────────────────────┬────────────────────────┐
│   (index)   │  state  │ luminosity │           date           │         Values         │
├─────────────┼─────────┼────────────┼──────────────────────────┼────────────────────────┤
│  device_id  │         │            │                          │       'lamp001'        │
│  transport  │         │            │                          │         'MQTT'         │
│ entity_name │         │            │                          │ 'urn:ngsi-ld:Lamp:001' │
│    data     │ 'SOUTH' │  '00.67'   │ 2022-06-19T00:49:07.455Z │                        │
└─────────────┴─────────┴────────────┴──────────────────────────┴────────────────────────┘
Received Sensor: /ul/4jggokgpepnvsb2uv4s40d59op/weatherStation001/attrs
┌─────────────┬─────────┬────────────┬──────────────────────────┬────────────────────────┐
│   (index)   │  state  │ luminosity │           date           │         Values         │
├─────────────┼─────────┼────────────┼──────────────────────────┼────────────────────────┤
│  device_id  │         │            │                          │       'lamp001'        │
│  transport  │         │            │                          │         'MQTT'         │
│ entity_name │         │            │                          │ 'urn:ngsi-ld:Lamp:001' │
│    data     │ 'NORTH' │  '03.79'   │ 2022-06-19T01:49:07.512Z │                        │
└─────────────┴─────────┴────────────┴──────────────────────────┴────────────────────────┘
Received Sensor: /ul/4jggokgpepnvsb2uv4s40d59op/weatherStation001/attrs
┌─────────────┬─────────┬────────────┬──────────────────────────┬────────────────────────┐
│   (index)   │  state  │ luminosity │           date           │         Values         │
├─────────────┼─────────┼────────────┼──────────────────────────┼────────────────────────┤
│  device_id  │         │            │                          │       'lamp001'        │
│  transport  │         │            │                          │         'MQTT'         │
│ entity_name │         │            │                          │ 'urn:ngsi-ld:Lamp:001' │
│    data     │ 'NORTH' │  '02.61'   │ 2022-06-19T02:49:07.551Z │                        │
└─────────────┴─────────┴────────────┴──────────────────────────┴────────────────────────┘
Received Sensor: /ul/4jggokgpepnvsb2uv4s40d59op/weatherStation001/attrs
┌─────────────┬─────────┬────────────┬──────────────────────────┬────────────────────────┐
│   (index)   │  state  │ luminosity │           date           │         Values         │
├─────────────┼─────────┼────────────┼──────────────────────────┼────────────────────────┤
│  device_id  │         │            │                          │       'lamp001'        │
│  transport  │         │            │                          │         'MQTT'         │
│ entity_name │         │            │                          │ 'urn:ngsi-ld:Lamp:001' │
│    data     │ 'SOUTH' │  '09.52'   │ 2022-06-19T03:49:07.573Z │                        │
└─────────────┴─────────┴────────────┴──────────────────────────┴────────────────────────┘
Received Sensor: /ul/4jggokgpepnvsb2uv4s40d59op/weatherStation001/attrs
┌─────────────┬─────────┬────────────┬──────────────────────────┬────────────────────────┐
│   (index)   │  state  │ luminosity │           date           │         Values         │
├─────────────┼─────────┼────────────┼──────────────────────────┼────────────────────────┤
│  device_id  │         │            │                          │       'lamp001'        │
│  transport  │         │            │                          │         'MQTT'         │
│ entity_name │         │            │                          │ 'urn:ngsi-ld:Lamp:001' │
│    data     │ 'NORTH' │  '00.91'   │ 2022-06-19T04:49:07.589Z │                        │
└─────────────┴─────────┴────────────┴──────────────────────────┴────────────────────────┘
Received Sensor: /ul/4jggokgpepnvsb2uv4s40d59op/weatherStation001/attrs
┌─────────────┬─────────┬────────────┬──────────────────────────┬────────────────────────┐
│   (index)   │  state  │ luminosity │           date           │         Values         │
├─────────────┼─────────┼────────────┼──────────────────────────┼────────────────────────┤
│  device_id  │         │            │                          │       'lamp001'        │
│  transport  │         │            │                          │         'MQTT'         │
│ entity_name │         │            │                          │ 'urn:ngsi-ld:Lamp:001' │
│    data     │ 'NORTH' │  '00.48'   │ 2022-06-19T05:49:07.610Z │                        │
└─────────────┴─────────┴────────────┴──────────────────────────┴────────────────────────┘
Received Sensor: /ul/4jggokgpepnvsb2uv4s40d59op/weatherStation001/attrs
┌─────────────┬─────────┬────────────┬──────────────────────────┬────────────────────────┐
│   (index)   │  state  │ luminosity │           date           │         Values         │
├─────────────┼─────────┼────────────┼──────────────────────────┼────────────────────────┤
│  device_id  │         │            │                          │       'lamp001'        │
│  transport  │         │            │                          │         'MQTT'         │
│ entity_name │         │            │                          │ 'urn:ngsi-ld:Lamp:001' │
│    data     │ 'SOUTH' │  '02.45'   │ 2022-06-19T06:49:07.654Z │                        │
└─────────────┴─────────┴────────────┴──────────────────────────┴────────────────────────┘
Received Sensor: /ul/4jggokgpepnvsb2uv4s40d59op/weatherStation001/attrs
┌─────────────┬─────────┬────────────┬──────────────────────────┬────────────────────────┐
│   (index)   │  state  │ luminosity │           date           │         Values         │
├─────────────┼─────────┼────────────┼──────────────────────────┼────────────────────────┤
│  device_id  │         │            │                          │       'lamp001'        │
│  transport  │         │            │                          │         'MQTT'         │
│ entity_name │         │            │                          │ 'urn:ngsi-ld:Lamp:001' │
│    data     │ 'NORTH' │  '01.38'   │ 2022-06-19T07:49:07.694Z │                        │
└─────────────┴─────────┴────────────┴──────────────────────────┴────────────────────────┘
Received Sensor: /ul/4jggokgpepnvsb2uv4s40d59op/weatherStation001/attrs
┌─────────────┬─────────┬────────────┬──────────────────────────┬────────────────────────┐
│   (index)   │  state  │ luminosity │           date           │         Values         │
├─────────────┼─────────┼────────────┼──────────────────────────┼────────────────────────┤
│  device_id  │         │            │                          │       'lamp001'        │
│  transport  │         │            │                          │         'MQTT'         │
│ entity_name │         │            │                          │ 'urn:ngsi-ld:Lamp:001' │
│    data     │ 'NORTH' │  '07.16'   │ 2022-06-19T08:49:07.730Z │                        │
└─────────────┴─────────┴────────────┴──────────────────────────┴────────────────────────┘
Received Sensor: /ul/4jggokgpepnvsb2uv4s40d59op/weatherStation001/attrs
┌─────────────┬─────────┬────────────┬──────────────────────────┬────────────────────────┐
│   (index)   │  state  │ luminosity │           date           │         Values         │
├─────────────┼─────────┼────────────┼──────────────────────────┼────────────────────────┤
│  device_id  │         │            │                          │       'lamp001'        │
│  transport  │         │            │                          │         'MQTT'         │
│ entity_name │         │            │                          │ 'urn:ngsi-ld:Lamp:001' │
│    data     │ 'NORTH' │  '00.21'   │ 2022-06-19T09:49:07.775Z │                        │
└─────────────┴─────────┴────────────┴──────────────────────────┴────────────────────────┘
Received Sensor: /ul/4jggokgpepnvsb2uv4s40d59op/weatherStation001/attrs
┌─────────────┬─────────┬────────────┬──────────────────────────┬────────────────────────┐
│   (index)   │  state  │ luminosity │           date           │         Values         │
├─────────────┼─────────┼────────────┼──────────────────────────┼────────────────────────┤
│  device_id  │         │            │                          │       'lamp001'        │
│  transport  │         │            │                          │         'MQTT'         │
│ entity_name │         │            │                          │ 'urn:ngsi-ld:Lamp:001' │
│    data     │ 'SOUTH' │  '06.17'   │ 2022-06-19T10:49:07.808Z │                        │
└─────────────┴─────────┴────────────┴──────────────────────────┴────────────────────────┘
Received Sensor: /ul/4jggokgpepnvsb2uv4s40d59op/weatherStation001/attrs
┌─────────────┬─────────┬────────────┬──────────────────────────┬────────────────────────┐
│   (index)   │  state  │ luminosity │           date           │         Values         │
├─────────────┼─────────┼────────────┼──────────────────────────┼────────────────────────┤
│  device_id  │         │            │                          │       'lamp001'        │
│  transport  │         │            │                          │         'MQTT'         │
│ entity_name │         │            │                          │ 'urn:ngsi-ld:Lamp:001' │
│    data     │ 'NORTH' │  '09.75'   │ 2022-06-19T11:49:07.865Z │                        │
└─────────────┴─────────┴────────────┴──────────────────────────┴────────────────────────┘
Received Sensor: /ul/4jggokgpepnvsb2uv4s40d59op/weatherStation001/attrs
┌─────────────┬─────────┬────────────┬──────────────────────────┬────────────────────────┐
│   (index)   │  state  │ luminosity │           date           │         Values         │
├─────────────┼─────────┼────────────┼──────────────────────────┼────────────────────────┤
│  device_id  │         │            │                          │       'lamp001'        │
│  transport  │         │            │                          │         'MQTT'         │
│ entity_name │         │            │                          │ 'urn:ngsi-ld:Lamp:001' │
│    data     │ 'NORTH' │  '06.86'   │ 2022-06-19T12:49:07.889Z │                        │
└─────────────┴─────────┴────────────┴──────────────────────────┴────────────────────────┘
Received Sensor: /ul/4jggokgpepnvsb2uv4s40d59op/weatherStation001/attrs
┌─────────────┬─────────┬────────────┬──────────────────────────┬────────────────────────┐
│   (index)   │  state  │ luminosity │           date           │         Values         │
├─────────────┼─────────┼────────────┼──────────────────────────┼────────────────────────┤
│  device_id  │         │            │                          │       'lamp001'        │
│  transport  │         │            │                          │         'MQTT'         │
│ entity_name │         │            │                          │ 'urn:ngsi-ld:Lamp:001' │
│    data     │ 'NORTH' │  '08.55'   │ 2022-06-19T13:49:07.946Z │                        │
└─────────────┴─────────┴────────────┴──────────────────────────┴────────────────────────┘
Received Sensor: /ul/4jggokgpepnvsb2uv4s40d59op/weatherStation001/attrs
┌─────────────┬─────────┬────────────┬──────────────────────────┬────────────────────────┐
│   (index)   │  state  │ luminosity │           date           │         Values         │
├─────────────┼─────────┼────────────┼──────────────────────────┼────────────────────────┤
│  device_id  │         │            │                          │       'lamp001'        │
│  transport  │         │            │                          │         'MQTT'         │
│ entity_name │         │            │                          │ 'urn:ngsi-ld:Lamp:001' │
│    data     │ 'SOUTH' │  '05.46'   │ 2022-06-19T14:49:07.994Z │                        │
└─────────────┴─────────┴────────────┴──────────────────────────┴────────────────────────┘
Received Sensor: /ul/4jggokgpepnvsb2uv4s40d59op/weatherStation001/attrs
┌─────────────┬─────────┬────────────┬──────────────────────────┬────────────────────────┐
│   (index)   │  state  │ luminosity │           date           │         Values         │
├─────────────┼─────────┼────────────┼──────────────────────────┼────────────────────────┤
│  device_id  │         │            │                          │       'lamp001'        │
│  transport  │         │            │                          │         'MQTT'         │
│ entity_name │         │            │                          │ 'urn:ngsi-ld:Lamp:001' │
│    data     │ 'SOUTH' │  '02.75'   │ 2022-06-19T15:49:08.043Z │                        │
└─────────────┴─────────┴────────────┴──────────────────────────┴────────────────────────┘
Received Sensor: /ul/4jggokgpepnvsb2uv4s40d59op/weatherStation001/attrs
┌─────────────┬─────────┬────────────┬──────────────────────────┬────────────────────────┐
│   (index)   │  state  │ luminosity │           date           │         Values         │
├─────────────┼─────────┼────────────┼──────────────────────────┼────────────────────────┤
│  device_id  │         │            │                          │       'lamp001'        │
│  transport  │         │            │                          │         'MQTT'         │
│ entity_name │         │            │                          │ 'urn:ngsi-ld:Lamp:001' │
│    data     │ 'NORTH' │  '06.42'   │ 2022-06-19T16:49:08.100Z │                        │
└─────────────┴─────────┴────────────┴──────────────────────────┴────────────────────────┘
Received Sensor: /ul/4jggokgpepnvsb2uv4s40d59op/weatherStation001/attrs
┌─────────────┬─────────┬────────────┬──────────────────────────┬────────────────────────┐
│   (index)   │  state  │ luminosity │           date           │         Values         │
├─────────────┼─────────┼────────────┼──────────────────────────┼────────────────────────┤
│  device_id  │         │            │                          │       'lamp001'        │
│  transport  │         │            │                          │         'MQTT'         │
│ entity_name │         │            │                          │ 'urn:ngsi-ld:Lamp:001' │
│    data     │ 'NORTH' │  '08.10'   │ 2022-06-19T17:49:08.135Z │                        │
└─────────────┴─────────┴────────────┴──────────────────────────┴────────────────────────┘
Received Sensor: /ul/4jggokgpepnvsb2uv4s40d59op/weatherStation001/attrs
┌─────────────┬─────────┬────────────┬──────────────────────────┬────────────────────────┐
│   (index)   │  state  │ luminosity │           date           │         Values         │
├─────────────┼─────────┼────────────┼──────────────────────────┼────────────────────────┤
│  device_id  │         │            │                          │       'lamp001'        │
│  transport  │         │            │                          │         'MQTT'         │
│ entity_name │         │            │                          │ 'urn:ngsi-ld:Lamp:001' │
│    data     │ 'NORTH' │  '03.22'   │ 2022-06-19T18:49:08.192Z │                        │
└─────────────┴─────────┴────────────┴──────────────────────────┴────────────────────────┘
Received Sensor: /ul/4jggokgpepnvsb2uv4s40d59op/weatherStation001/attrs
┌─────────────┬─────────┬────────────┬──────────────────────────┬────────────────────────┐
│   (index)   │  state  │ luminosity │           date           │         Values         │
├─────────────┼─────────┼────────────┼──────────────────────────┼────────────────────────┤
│  device_id  │         │            │                          │       'lamp001'        │
│  transport  │         │            │                          │         'MQTT'         │
│ entity_name │         │            │                          │ 'urn:ngsi-ld:Lamp:001' │
│    data     │ 'NORTH' │  '04.44'   │ 2022-06-19T19:49:08.241Z │                        │
└─────────────┴─────────┴────────────┴──────────────────────────┴────────────────────────┘
Received Sensor: /ul/4jggokgpepnvsb2uv4s40d59op/weatherStation001/attrs
┌─────────────┬─────────┬────────────┬──────────────────────────┬────────────────────────┐
│   (index)   │  state  │ luminosity │           date           │         Values         │
├─────────────┼─────────┼────────────┼──────────────────────────┼────────────────────────┤
│  device_id  │         │            │                          │       'lamp001'        │
│  transport  │         │            │                          │         'MQTT'         │
│ entity_name │         │            │                          │ 'urn:ngsi-ld:Lamp:001' │
│    data     │ 'SOUTH' │  '06.93'   │ 2022-06-19T20:49:08.260Z │                        │
└─────────────┴─────────┴────────────┴──────────────────────────┴────────────────────────┘
Received Sensor: /ul/4jggokgpepnvsb2uv4s40d59op/weatherStation001/attrs
┌─────────────┬─────────┬────────────┬──────────────────────────┬────────────────────────┐
│   (index)   │  state  │ luminosity │           date           │         Values         │
├─────────────┼─────────┼────────────┼──────────────────────────┼────────────────────────┤
│  device_id  │         │            │                          │       'lamp001'        │
│  transport  │         │            │                          │         'MQTT'         │
│ entity_name │         │            │                          │ 'urn:ngsi-ld:Lamp:001' │
│    data     │ 'NORTH' │  '09.42'   │ 2022-06-19T21:49:08.316Z │                        │
└─────────────┴─────────┴────────────┴──────────────────────────┴────────────────────────┘
Received Sensor: /ul/4jggokgpepnvsb2uv4s40d59op/weatherStation001/attrs
┌─────────────┬─────────┬────────────┬──────────────────────────┬────────────────────────┐
│   (index)   │  state  │ luminosity │           date           │         Values         │
├─────────────┼─────────┼────────────┼──────────────────────────┼────────────────────────┤
│  device_id  │         │            │                          │       'lamp001'        │
│  transport  │         │            │                          │         'MQTT'         │
│ entity_name │         │            │                          │ 'urn:ngsi-ld:Lamp:001' │
│    data     │ 'SOUTH' │  '05.19'   │ 2022-06-19T22:49:08.361Z │                        │
└─────────────┴─────────┴────────────┴──────────────────────────┴────────────────────────┘
Received Sensor: /ul/4jggokgpepnvsb2uv4s40d59op/weatherStation001/attrs
┌─────────────┬─────────┬────────────┬──────────────────────────┬────────────────────────┐
│   (index)   │  state  │ luminosity │           date           │         Values         │
├─────────────┼─────────┼────────────┼──────────────────────────┼────────────────────────┤
│  device_id  │         │            │                          │       'lamp001'        │
│  transport  │         │            │                          │         'MQTT'         │
│ entity_name │         │            │                          │ 'urn:ngsi-ld:Lamp:001' │
│    data     │ 'NORTH' │  '04.97'   │ 2022-06-19T23:49:08.402Z │                        │
└─────────────┴─────────┴────────────┴──────────────────────────┴────────────────────────┘
Received Sensor: /ul/4jggokgpepnvsb2uv4s40d59op/weatherStation001/attrs
┌─────────────┬─────────┬────────────┬──────────────────────────┬────────────────────────┐
│   (index)   │  state  │ luminosity │           date           │         Values         │
├─────────────┼─────────┼────────────┼──────────────────────────┼────────────────────────┤
│  device_id  │         │            │                          │       'lamp001'        │
│  transport  │         │            │                          │         'MQTT'         │
│ entity_name │         │            │                          │ 'urn:ngsi-ld:Lamp:001' │
│    data     │ 'NORTH' │  '08.07'   │ 2022-06-20T00:49:08.458Z │                        │
└─────────────┴─────────┴────────────┴──────────────────────────┴────────────────────────┘
Received Sensor: /ul/4jggokgpepnvsb2uv4s40d59op/weatherStation001/attrs
┌─────────────┬─────────┬────────────┬──────────────────────────┬────────────────────────┐
│   (index)   │  state  │ luminosity │           date           │         Values         │
├─────────────┼─────────┼────────────┼──────────────────────────┼────────────────────────┤
│  device_id  │         │            │                          │       'lamp001'        │
│  transport  │         │            │                          │         'MQTT'         │
│ entity_name │         │            │                          │ 'urn:ngsi-ld:Lamp:001' │
│    data     │ 'NORTH' │  '06.99'   │ 2022-06-20T01:49:08.479Z │                        │
└─────────────┴─────────┴────────────┴──────────────────────────┴────────────────────────┘
Received Sensor: /ul/4jggokgpepnvsb2uv4s40d59op/weatherStation001/attrs
┌─────────────┬─────────┬────────────┬──────────────────────────┬────────────────────────┐
│   (index)   │  state  │ luminosity │           date           │         Values         │
├─────────────┼─────────┼────────────┼──────────────────────────┼────────────────────────┤
│  device_id  │         │            │                          │       'lamp001'        │
│  transport  │         │            │                          │         'MQTT'         │
│ entity_name │         │            │                          │ 'urn:ngsi-ld:Lamp:001' │
│    data     │ 'NORTH' │  '06.54'   │ 2022-06-20T02:49:08.530Z │                        │
└─────────────┴─────────┴────────────┴──────────────────────────┴────────────────────────┘
Received Sensor: /ul/4jggokgpepnvsb2uv4s40d59op/weatherStation001/attrs
┌─────────────┬─────────┬────────────┬──────────────────────────┬────────────────────────┐
│   (index)   │  state  │ luminosity │           date           │         Values         │
├─────────────┼─────────┼────────────┼──────────────────────────┼────────────────────────┤
│  device_id  │         │            │                          │       'lamp001'        │
│  transport  │         │            │                          │         'MQTT'         │
│ entity_name │         │            │                          │ 'urn:ngsi-ld:Lamp:001' │
│    data     │ 'NORTH' │  '04.27'   │ 2022-06-20T03:49:08.579Z │                        │
└─────────────┴─────────┴────────────┴──────────────────────────┴────────────────────────┘
Received Sensor: /ul/4jggokgpepnvsb2uv4s40d59op/weatherStation001/attrs
┌─────────────┬─────────┬────────────┬──────────────────────────┬────────────────────────┐
│   (index)   │  state  │ luminosity │           date           │         Values         │
├─────────────┼─────────┼────────────┼──────────────────────────┼────────────────────────┤
│  device_id  │         │            │                          │       'lamp001'        │
│  transport  │         │            │                          │         'MQTT'         │
│ entity_name │         │            │                          │ 'urn:ngsi-ld:Lamp:001' │
│    data     │ 'SOUTH' │  '00.29'   │ 2022-06-20T04:49:08.624Z │                        │
└─────────────┴─────────┴────────────┴──────────────────────────┴────────────────────────┘
Received Sensor: /ul/4jggokgpepnvsb2uv4s40d59op/weatherStation001/attrs
┌─────────────┬─────────┬────────────┬──────────────────────────┬────────────────────────┐
│   (index)   │  state  │ luminosity │           date           │         Values         │
├─────────────┼─────────┼────────────┼──────────────────────────┼────────────────────────┤
│  device_id  │         │            │                          │       'lamp001'        │
│  transport  │         │            │                          │         'MQTT'         │
│ entity_name │         │            │                          │ 'urn:ngsi-ld:Lamp:001' │
│    data     │ 'NORTH' │  '05.81'   │ 2022-06-20T05:49:08.659Z │                        │
└─────────────┴─────────┴────────────┴──────────────────────────┴────────────────────────┘
Received Sensor: /ul/4jggokgpepnvsb2uv4s40d59op/weatherStation001/attrs
┌─────────────┬─────────┬────────────┬──────────────────────────┬────────────────────────┐
│   (index)   │  state  │ luminosity │           date           │         Values         │
├─────────────┼─────────┼────────────┼──────────────────────────┼────────────────────────┤
│  device_id  │         │            │                          │       'lamp001'        │
│  transport  │         │            │                          │         'MQTT'         │
│ entity_name │         │            │                          │ 'urn:ngsi-ld:Lamp:001' │
│    data     │ 'NORTH' │  '08.13'   │ 2022-06-20T06:49:08.716Z │                        │
└─────────────┴─────────┴────────────┴──────────────────────────┴────────────────────────┘
Received Sensor: /ul/4jggokgpepnvsb2uv4s40d59op/weatherStation001/attrs
┌─────────────┬─────────┬────────────┬──────────────────────────┬────────────────────────┐
│   (index)   │  state  │ luminosity │           date           │         Values         │
├─────────────┼─────────┼────────────┼──────────────────────────┼────────────────────────┤
│  device_id  │         │            │                          │       'lamp001'        │
│  transport  │         │            │                          │         'MQTT'         │
│ entity_name │         │            │                          │ 'urn:ngsi-ld:Lamp:001' │
│    data     │ 'NORTH' │  '06.26'   │ 2022-06-20T07:49:08.770Z │                        │
└─────────────┴─────────┴────────────┴──────────────────────────┴────────────────────────┘
Received Sensor: /ul/4jggokgpepnvsb2uv4s40d59op/weatherStation001/attrs
┌─────────────┬─────────┬────────────┬──────────────────────────┬────────────────────────┐
│   (index)   │  state  │ luminosity │           date           │         Values         │
├─────────────┼─────────┼────────────┼──────────────────────────┼────────────────────────┤
│  device_id  │         │            │                          │       'lamp001'        │
│  transport  │         │            │                          │         'MQTT'         │
│ entity_name │         │            │                          │ 'urn:ngsi-ld:Lamp:001' │
│    data     │ 'NORTH' │  '05.62'   │ 2022-06-20T08:49:08.819Z │                        │
└─────────────┴─────────┴────────────┴──────────────────────────┴────────────────────────┘
Received Sensor: /ul/4jggokgpepnvsb2uv4s40d59op/weatherStation001/attrs
┌─────────────┬─────────┬────────────┬──────────────────────────┬────────────────────────┐
│   (index)   │  state  │ luminosity │           date           │         Values         │
├─────────────┼─────────┼────────────┼──────────────────────────┼────────────────────────┤
│  device_id  │         │            │                          │       'lamp001'        │
│  transport  │         │            │                          │         'MQTT'         │
│ entity_name │         │            │                          │ 'urn:ngsi-ld:Lamp:001' │
│    data     │ 'NORTH' │  '00.08'   │ 2022-06-20T09:49:08.860Z │                        │
└─────────────┴─────────┴────────────┴──────────────────────────┴────────────────────────┘
Received Sensor: /ul/4jggokgpepnvsb2uv4s40d59op/weatherStation001/attrs
┌─────────────┬─────────┬────────────┬──────────────────────────┬────────────────────────┐
│   (index)   │  state  │ luminosity │           date           │         Values         │
├─────────────┼─────────┼────────────┼──────────────────────────┼────────────────────────┤
│  device_id  │         │            │                          │       'lamp001'        │
│  transport  │         │            │                          │         'MQTT'         │
│ entity_name │         │            │                          │ 'urn:ngsi-ld:Lamp:001' │
│    data     │ 'NORTH' │  '04.15'   │ 2022-06-20T10:49:08.915Z │                        │
└─────────────┴─────────┴────────────┴──────────────────────────┴────────────────────────┘
Received Sensor: /ul/4jggokgpepnvsb2uv4s40d59op/weatherStation001/attrs
┌─────────────┬─────────┬────────────┬──────────────────────────┬────────────────────────┐
│   (index)   │  state  │ luminosity │           date           │         Values         │
├─────────────┼─────────┼────────────┼──────────────────────────┼────────────────────────┤
│  device_id  │         │            │                          │       'lamp001'        │
│  transport  │         │            │                          │         'MQTT'         │
│ entity_name │         │            │                          │ 'urn:ngsi-ld:Lamp:001' │
│    data     │ 'SOUTH' │  '02.36'   │ 2022-06-20T11:49:08.973Z │                        │
└─────────────┴─────────┴────────────┴──────────────────────────┴────────────────────────┘
Received Sensor: /ul/4jggokgpepnvsb2uv4s40d59op/weatherStation001/attrs
┌─────────────┬─────────┬────────────┬──────────────────────────┬────────────────────────┐
│   (index)   │  state  │ luminosity │           date           │         Values         │
├─────────────┼─────────┼────────────┼──────────────────────────┼────────────────────────┤
│  device_id  │         │            │                          │       'lamp001'        │
│  transport  │         │            │                          │         'MQTT'         │
│ entity_name │         │            │                          │ 'urn:ngsi-ld:Lamp:001' │
│    data     │ 'SOUTH' │  '02.02'   │ 2022-06-20T12:49:09.019Z │                        │
└─────────────┴─────────┴────────────┴──────────────────────────┴────────────────────────┘
Received Sensor: /ul/4jggokgpepnvsb2uv4s40d59op/weatherStation001/attrs
┌─────────────┬─────────┬────────────┬──────────────────────────┬────────────────────────┐
│   (index)   │  state  │ luminosity │           date           │         Values         │
├─────────────┼─────────┼────────────┼──────────────────────────┼────────────────────────┤
│  device_id  │         │            │                          │       'lamp001'        │
│  transport  │         │            │                          │         'MQTT'         │
│ entity_name │         │            │                          │ 'urn:ngsi-ld:Lamp:001' │
│    data     │ 'SOUTH' │  '00.70'   │ 2022-06-20T13:49:09.054Z │                        │
└─────────────┴─────────┴────────────┴──────────────────────────┴────────────────────────┘
Received Sensor: /ul/4jggokgpepnvsb2uv4s40d59op/weatherStation001/attrs
┌─────────────┬─────────┬────────────┬──────────────────────────┬────────────────────────┐
│   (index)   │  state  │ luminosity │           date           │         Values         │
├─────────────┼─────────┼────────────┼──────────────────────────┼────────────────────────┤
│  device_id  │         │            │                          │       'lamp001'        │
│  transport  │         │            │                          │         'MQTT'         │
│ entity_name │         │            │                          │ 'urn:ngsi-ld:Lamp:001' │
│    data     │ 'NORTH' │  '02.51'   │ 2022-06-20T14:49:09.111Z │                        │
└─────────────┴─────────┴────────────┴──────────────────────────┴────────────────────────┘
Received Sensor: /ul/4jggokgpepnvsb2uv4s40d59op/weatherStation001/attrs
┌─────────────┬─────────┬────────────┬──────────────────────────┬────────────────────────┐
│   (index)   │  state  │ luminosity │           date           │         Values         │
├─────────────┼─────────┼────────────┼──────────────────────────┼────────────────────────┤
│  device_id  │         │            │                          │       'lamp001'        │
│  transport  │         │            │                          │         'MQTT'         │
│ entity_name │         │            │                          │ 'urn:ngsi-ld:Lamp:001' │
│    data     │ 'SOUTH' │  '05.87'   │ 2022-06-20T15:49:09.164Z │                        │
└─────────────┴─────────┴────────────┴──────────────────────────┴────────────────────────┘
Received Sensor: /ul/4jggokgpepnvsb2uv4s40d59op/weatherStation001/attrs
┌─────────────┬─────────┬────────────┬──────────────────────────┬────────────────────────┐
│   (index)   │  state  │ luminosity │           date           │         Values         │
├─────────────┼─────────┼────────────┼──────────────────────────┼────────────────────────┤
│  device_id  │         │            │                          │       'lamp001'        │
│  transport  │         │            │                          │         'MQTT'         │
│ entity_name │         │            │                          │ 'urn:ngsi-ld:Lamp:001' │
│    data     │ 'NORTH' │  '06.76'   │ 2022-06-20T16:49:09.212Z │                        │
└─────────────┴─────────┴────────────┴──────────────────────────┴────────────────────────┘
Received Sensor: /ul/4jggokgpepnvsb2uv4s40d59op/weatherStation001/attrs
┌─────────────┬─────────┬────────────┬──────────────────────────┬────────────────────────┐
│   (index)   │  state  │ luminosity │           date           │         Values         │
├─────────────┼─────────┼────────────┼──────────────────────────┼────────────────────────┤
│  device_id  │         │            │                          │       'lamp001'        │
│  transport  │         │            │                          │         'MQTT'         │
│ entity_name │         │            │                          │ 'urn:ngsi-ld:Lamp:001' │
│    data     │ 'SOUTH' │  '08.93'   │ 2022-06-20T17:49:09.250Z │                        │
└─────────────┴─────────┴────────────┴──────────────────────────┴────────────────────────┘
Received Sensor: /ul/4jggokgpepnvsb2uv4s40d59op/weatherStation001/attrs
┌─────────────┬─────────┬────────────┬──────────────────────────┬────────────────────────┐
│   (index)   │  state  │ luminosity │           date           │         Values         │
├─────────────┼─────────┼────────────┼──────────────────────────┼────────────────────────┤
│  device_id  │         │            │                          │       'lamp001'        │
│  transport  │         │            │                          │         'MQTT'         │
│ entity_name │         │            │                          │ 'urn:ngsi-ld:Lamp:001' │
│    data     │ 'NORTH' │  '04.56'   │ 2022-06-20T18:49:09.280Z │                        │
└─────────────┴─────────┴────────────┴──────────────────────────┴────────────────────────┘
Received Sensor: /ul/4jggokgpepnvsb2uv4s40d59op/weatherStation001/attrs
┌─────────────┬─────────┬────────────┬──────────────────────────┬────────────────────────┐
│   (index)   │  state  │ luminosity │           date           │         Values         │
├─────────────┼─────────┼────────────┼──────────────────────────┼────────────────────────┤
│  device_id  │         │            │                          │       'lamp001'        │
│  transport  │         │            │                          │         'MQTT'         │
│ entity_name │         │            │                          │ 'urn:ngsi-ld:Lamp:001' │
│    data     │ 'NORTH' │  '07.03'   │ 2022-06-20T19:49:09.317Z │                        │
└─────────────┴─────────┴────────────┴──────────────────────────┴────────────────────────┘
Received Sensor: /ul/4jggokgpepnvsb2uv4s40d59op/weatherStation001/attrs
┌─────────────┬─────────┬────────────┬──────────────────────────┬────────────────────────┐
│   (index)   │  state  │ luminosity │           date           │         Values         │
├─────────────┼─────────┼────────────┼──────────────────────────┼────────────────────────┤
│  device_id  │         │            │                          │       'lamp001'        │
│  transport  │         │            │                          │         'MQTT'         │
│ entity_name │         │            │                          │ 'urn:ngsi-ld:Lamp:001' │
│    data     │ 'SOUTH' │  '04.83'   │ 2022-06-20T20:49:09.367Z │                        │
└─────────────┴─────────┴────────────┴──────────────────────────┴────────────────────────┘
Received Sensor: /ul/4jggokgpepnvsb2uv4s40d59op/weatherStation001/attrs
┌─────────────┬─────────┬────────────┬──────────────────────────┬────────────────────────┐
│   (index)   │  state  │ luminosity │           date           │         Values         │
├─────────────┼─────────┼────────────┼──────────────────────────┼────────────────────────┤
│  device_id  │         │            │                          │       'lamp001'        │
│  transport  │         │            │                          │         'MQTT'         │
│ entity_name │         │            │                          │ 'urn:ngsi-ld:Lamp:001' │
│    data     │ 'NORTH' │  '05.39'   │ 2022-06-20T21:49:09.388Z │                        │
└─────────────┴─────────┴────────────┴──────────────────────────┴────────────────────────┘
Received Sensor: /ul/4jggokgpepnvsb2uv4s40d59op/weatherStation001/attrs
