Connected! Sendor lamp001
Subscribe to topic '/ul/4jggokgpepnvsb2uv4s40d59op/weatherStation001/attrs'
┌─────────────┬─────────┬────────────┬──────────────────────────┬────────────────────────┐
│   (index)   │  state  │ luminosity │           date           │         Values         │
├─────────────┼─────────┼────────────┼──────────────────────────┼────────────────────────┤
│  device_id  │         │            │                          │       'lamp001'        │
│  transport  │         │            │                          │         'MQTT'         │
│ entity_name │         │            │                          │ 'urn:ngsi-ld:Lamp:001' │
│    data     │ 'NORTH' │  '05.33'   │ 2022-06-20T22:42:17.234Z │                        │
└─────────────┴─────────┴────────────┴──────────────────────────┴────────────────────────┘
Received Sensor: /ul/4jggokgpepnvsb2uv4s40d59op/weatherStation001/attrs
┌─────────────┬─────────┬────────────┬──────────────────────────┬────────────────────────┐
│   (index)   │  state  │ luminosity │           date           │         Values         │
├─────────────┼─────────┼────────────┼──────────────────────────┼────────────────────────┤
│  device_id  │         │            │                          │       'lamp001'        │
│  transport  │         │            │                          │         'MQTT'         │
│ entity_name │         │            │                          │ 'urn:ngsi-ld:Lamp:001' │
│    data     │ 'NORTH' │  '06.96'   │ 2022-06-20T22:42:47.254Z │                        │
└─────────────┴─────────┴────────────┴──────────────────────────┴────────────────────────┘
Received Sensor: /ul/4jggokgpepnvsb2uv4s40d59op/weatherStation001/attrs
┌─────────────┬─────────┬────────────┬──────────────────────────┬────────────────────────┐
│   (index)   │  state  │ luminosity │           date           │         Values         │
├─────────────┼─────────┼────────────┼──────────────────────────┼────────────────────────┤
│  device_id  │         │            │                          │       'lamp001'        │
│  transport  │         │            │                          │         'MQTT'         │
│ entity_name │         │            │                          │ 'urn:ngsi-ld:Lamp:001' │
│    data     │ 'SOUTH' │  '02.53'   │ 2022-06-20T22:43:17.271Z │                        │
└─────────────┴─────────┴────────────┴──────────────────────────┴────────────────────────┘
Received Sensor: /ul/4jggokgpepnvsb2uv4s40d59op/weatherStation001/attrs
┌─────────────┬─────────┬────────────┬──────────────────────────┬────────────────────────┐
│   (index)   │  state  │ luminosity │           date           │         Values         │
├─────────────┼─────────┼────────────┼──────────────────────────┼────────────────────────┤
│  device_id  │         │            │                          │       'lamp001'        │
│  transport  │         │            │                          │         'MQTT'         │
│ entity_name │         │            │                          │ 'urn:ngsi-ld:Lamp:001' │
│    data     │ 'SOUTH' │  '09.81'   │ 2022-06-20T22:43:47.298Z │                        │
└─────────────┴─────────┴────────────┴──────────────────────────┴────────────────────────┘
Received Sensor: /ul/4jggokgpepnvsb2uv4s40d59op/weatherStation001/attrs
┌─────────────┬─────────┬────────────┬──────────────────────────┬────────────────────────┐
│   (index)   │  state  │ luminosity │           date           │         Values         │
├─────────────┼─────────┼────────────┼──────────────────────────┼────────────────────────┤
│  device_id  │         │            │                          │       'lamp001'        │
│  transport  │         │            │                          │         'MQTT'         │
│ entity_name │         │            │                          │ 'urn:ngsi-ld:Lamp:001' │
│    data     │ 'SOUTH' │  '08.26'   │ 2022-06-20T22:44:17.321Z │                        │
└─────────────┴─────────┴────────────┴──────────────────────────┴────────────────────────┘
Received Sensor: /ul/4jggokgpepnvsb2uv4s40d59op/weatherStation001/attrs
┌─────────────┬─────────┬────────────┬──────────────────────────┬────────────────────────┐
│   (index)   │  state  │ luminosity │           date           │         Values         │
├─────────────┼─────────┼────────────┼──────────────────────────┼────────────────────────┤
│  device_id  │         │            │                          │       'lamp001'        │
│  transport  │         │            │                          │         'MQTT'         │
│ entity_name │         │            │                          │ 'urn:ngsi-ld:Lamp:001' │
│    data     │ 'NORTH' │  '00.24'   │ 2022-06-20T22:44:47.341Z │                        │
└─────────────┴─────────┴────────────┴──────────────────────────┴────────────────────────┘
Received Sensor: /ul/4jggokgpepnvsb2uv4s40d59op/weatherStation001/attrs
┌─────────────┬─────────┬────────────┬──────────────────────────┬────────────────────────┐
│   (index)   │  state  │ luminosity │           date           │         Values         │
├─────────────┼─────────┼────────────┼──────────────────────────┼────────────────────────┤
│  device_id  │         │            │                          │       'lamp001'        │
│  transport  │         │            │                          │         'MQTT'         │
│ entity_name │         │            │                          │ 'urn:ngsi-ld:Lamp:001' │
│    data     │ 'NORTH' │  '06.13'   │ 2022-06-20T22:45:17.367Z │                        │
└─────────────┴─────────┴────────────┴──────────────────────────┴────────────────────────┘
Received Sensor: /ul/4jggokgpepnvsb2uv4s40d59op/weatherStation001/attrs
┌─────────────┬─────────┬────────────┬──────────────────────────┬────────────────────────┐
│   (index)   │  state  │ luminosity │           date           │         Values         │
├─────────────┼─────────┼────────────┼──────────────────────────┼────────────────────────┤
│  device_id  │         │            │                          │       'lamp001'        │
│  transport  │         │            │                          │         'MQTT'         │
│ entity_name │         │            │                          │ 'urn:ngsi-ld:Lamp:001' │
│    data     │ 'NORTH' │  '02.37'   │ 2022-06-20T22:45:47.396Z │                        │
└─────────────┴─────────┴────────────┴──────────────────────────┴────────────────────────┘
Received Sensor: /ul/4jggokgpepnvsb2uv4s40d59op/weatherStation001/attrs
┌─────────────┬─────────┬────────────┬──────────────────────────┬────────────────────────┐
│   (index)   │  state  │ luminosity │           date           │         Values         │
├─────────────┼─────────┼────────────┼──────────────────────────┼────────────────────────┤
│  device_id  │         │            │                          │       'lamp001'        │
│  transport  │         │            │                          │         'MQTT'         │
│ entity_name │         │            │                          │ 'urn:ngsi-ld:Lamp:001' │
│    data     │ 'SOUTH' │  '06.14'   │ 2022-06-20T22:46:17.402Z │                        │
└─────────────┴─────────┴────────────┴──────────────────────────┴────────────────────────┘
Received Sensor: /ul/4jggokgpepnvsb2uv4s40d59op/weatherStation001/attrs
┌─────────────┬─────────┬────────────┬──────────────────────────┬────────────────────────┐
│   (index)   │  state  │ luminosity │           date           │         Values         │
├─────────────┼─────────┼────────────┼──────────────────────────┼────────────────────────┤
│  device_id  │         │            │                          │       'lamp001'        │
│  transport  │         │            │                          │         'MQTT'         │
│ entity_name │         │            │                          │ 'urn:ngsi-ld:Lamp:001' │
│    data     │ 'SOUTH' │  '05.93'   │ 2022-06-20T22:46:47.421Z │                        │
└─────────────┴─────────┴────────────┴──────────────────────────┴────────────────────────┘
Received Sensor: /ul/4jggokgpepnvsb2uv4s40d59op/weatherStation001/attrs
┌─────────────┬─────────┬────────────┬──────────────────────────┬────────────────────────┐
│   (index)   │  state  │ luminosity │           date           │         Values         │
├─────────────┼─────────┼────────────┼──────────────────────────┼────────────────────────┤
│  device_id  │         │            │                          │       'lamp001'        │
│  transport  │         │            │                          │         'MQTT'         │
│ entity_name │         │            │                          │ 'urn:ngsi-ld:Lamp:001' │
│    data     │ 'SOUTH' │  '05.47'   │ 2022-06-20T22:47:17.443Z │                        │
└─────────────┴─────────┴────────────┴──────────────────────────┴────────────────────────┘
Received Sensor: /ul/4jggokgpepnvsb2uv4s40d59op/weatherStation001/attrs
┌─────────────┬─────────┬────────────┬──────────────────────────┬────────────────────────┐
│   (index)   │  state  │ luminosity │           date           │         Values         │
├─────────────┼─────────┼────────────┼──────────────────────────┼────────────────────────┤
│  device_id  │         │            │                          │       'lamp001'        │
│  transport  │         │            │                          │         'MQTT'         │
│ entity_name │         │            │                          │ 'urn:ngsi-ld:Lamp:001' │
│    data     │ 'SOUTH' │  '05.35'   │ 2022-06-20T22:47:47.463Z │                        │
└─────────────┴─────────┴────────────┴──────────────────────────┴────────────────────────┘
Received Sensor: /ul/4jggokgpepnvsb2uv4s40d59op/weatherStation001/attrs
┌─────────────┬─────────┬────────────┬──────────────────────────┬────────────────────────┐
│   (index)   │  state  │ luminosity │           date           │         Values         │
├─────────────┼─────────┼────────────┼──────────────────────────┼────────────────────────┤
│  device_id  │         │            │                          │       'lamp001'        │
│  transport  │         │            │                          │         'MQTT'         │
│ entity_name │         │            │                          │ 'urn:ngsi-ld:Lamp:001' │
│    data     │ 'SOUTH' │  '00.69'   │ 2022-06-20T22:48:17.486Z │                        │
└─────────────┴─────────┴────────────┴──────────────────────────┴────────────────────────┘
Received Sensor: /ul/4jggokgpepnvsb2uv4s40d59op/weatherStation001/attrs
┌─────────────┬─────────┬────────────┬──────────────────────────┬────────────────────────┐
│   (index)   │  state  │ luminosity │           date           │         Values         │
├─────────────┼─────────┼────────────┼──────────────────────────┼────────────────────────┤
│  device_id  │         │            │                          │       'lamp001'        │
│  transport  │         │            │                          │         'MQTT'         │
│ entity_name │         │            │                          │ 'urn:ngsi-ld:Lamp:001' │
│    data     │ 'NORTH' │  '02.51'   │ 2022-06-20T22:48:47.516Z │                        │
└─────────────┴─────────┴────────────┴──────────────────────────┴────────────────────────┘
Received Sensor: /ul/4jggokgpepnvsb2uv4s40d59op/weatherStation001/attrs
┌─────────────┬─────────┬────────────┬──────────────────────────┬────────────────────────┐
│   (index)   │  state  │ luminosity │           date           │         Values         │
├─────────────┼─────────┼────────────┼──────────────────────────┼────────────────────────┤
│  device_id  │         │            │                          │       'lamp001'        │
│  transport  │         │            │                          │         'MQTT'         │
│ entity_name │         │            │                          │ 'urn:ngsi-ld:Lamp:001' │
│    data     │ 'NORTH' │  '05.31'   │ 2022-06-20T22:49:17.528Z │                        │
└─────────────┴─────────┴────────────┴──────────────────────────┴────────────────────────┘
Received Sensor: /ul/4jggokgpepnvsb2uv4s40d59op/weatherStation001/attrs
┌─────────────┬─────────┬────────────┬──────────────────────────┬────────────────────────┐
│   (index)   │  state  │ luminosity │           date           │         Values         │
├─────────────┼─────────┼────────────┼──────────────────────────┼────────────────────────┤
│  device_id  │         │            │                          │       'lamp001'        │
│  transport  │         │            │                          │         'MQTT'         │
│ entity_name │         │            │                          │ 'urn:ngsi-ld:Lamp:001' │
│    data     │ 'SOUTH' │  '09.38'   │ 2022-06-20T22:49:47.553Z │                        │
└─────────────┴─────────┴────────────┴──────────────────────────┴────────────────────────┘
Received Sensor: /ul/4jggokgpepnvsb2uv4s40d59op/weatherStation001/attrs
┌─────────────┬─────────┬────────────┬──────────────────────────┬────────────────────────┐
│   (index)   │  state  │ luminosity │           date           │         Values         │
├─────────────┼─────────┼────────────┼──────────────────────────┼────────────────────────┤
│  device_id  │         │            │                          │       'lamp001'        │
│  transport  │         │            │                          │         'MQTT'         │
│ entity_name │         │            │                          │ 'urn:ngsi-ld:Lamp:001' │
│    data     │ 'NORTH' │  '08.16'   │ 2022-06-20T22:50:17.584Z │                        │
└─────────────┴─────────┴────────────┴──────────────────────────┴────────────────────────┘
Received Sensor: /ul/4jggokgpepnvsb2uv4s40d59op/weatherStation001/attrs
┌─────────────┬─────────┬────────────┬──────────────────────────┬────────────────────────┐
│   (index)   │  state  │ luminosity │           date           │         Values         │
├─────────────┼─────────┼────────────┼──────────────────────────┼────────────────────────┤
│  device_id  │         │            │                          │       'lamp001'        │
│  transport  │         │            │                          │         'MQTT'         │
│ entity_name │         │            │                          │ 'urn:ngsi-ld:Lamp:001' │
│    data     │ 'NORTH' │  '07.82'   │ 2022-06-20T22:50:47.602Z │                        │
└─────────────┴─────────┴────────────┴──────────────────────────┴────────────────────────┘
Received Sensor: /ul/4jggokgpepnvsb2uv4s40d59op/weatherStation001/attrs
┌─────────────┬─────────┬────────────┬──────────────────────────┬────────────────────────┐
│   (index)   │  state  │ luminosity │           date           │         Values         │
├─────────────┼─────────┼────────────┼──────────────────────────┼────────────────────────┤
│  device_id  │         │            │                          │       'lamp001'        │
│  transport  │         │            │                          │         'MQTT'         │
│ entity_name │         │            │                          │ 'urn:ngsi-ld:Lamp:001' │
│    data     │ 'SOUTH' │  '07.42'   │ 2022-06-20T22:51:17.632Z │                        │
└─────────────┴─────────┴────────────┴──────────────────────────┴────────────────────────┘
Received Sensor: /ul/4jggokgpepnvsb2uv4s40d59op/weatherStation001/attrs
┌─────────────┬─────────┬────────────┬──────────────────────────┬────────────────────────┐
│   (index)   │  state  │ luminosity │           date           │         Values         │
├─────────────┼─────────┼────────────┼──────────────────────────┼────────────────────────┤
│  device_id  │         │            │                          │       'lamp001'        │
│  transport  │         │            │                          │         'MQTT'         │
│ entity_name │         │            │                          │ 'urn:ngsi-ld:Lamp:001' │
│    data     │ 'NORTH' │  '03.55'   │ 2022-06-20T22:51:47.663Z │                        │
└─────────────┴─────────┴────────────┴──────────────────────────┴────────────────────────┘
Received Sensor: /ul/4jggokgpepnvsb2uv4s40d59op/weatherStation001/attrs
┌─────────────┬─────────┬────────────┬──────────────────────────┬────────────────────────┐
│   (index)   │  state  │ luminosity │           date           │         Values         │
├─────────────┼─────────┼────────────┼──────────────────────────┼────────────────────────┤
│  device_id  │         │            │                          │       'lamp001'        │
│  transport  │         │            │                          │         'MQTT'         │
│ entity_name │         │            │                          │ 'urn:ngsi-ld:Lamp:001' │
│    data     │ 'SOUTH' │  '09.76'   │ 2022-06-20T22:52:17.689Z │                        │
└─────────────┴─────────┴────────────┴──────────────────────────┴────────────────────────┘
Received Sensor: /ul/4jggokgpepnvsb2uv4s40d59op/weatherStation001/attrs
┌─────────────┬─────────┬────────────┬──────────────────────────┬────────────────────────┐
│   (index)   │  state  │ luminosity │           date           │         Values         │
├─────────────┼─────────┼────────────┼──────────────────────────┼────────────────────────┤
│  device_id  │         │            │                          │       'lamp001'        │
│  transport  │         │            │                          │         'MQTT'         │
│ entity_name │         │            │                          │ 'urn:ngsi-ld:Lamp:001' │
│    data     │ 'SOUTH' │  '06.05'   │ 2022-06-20T22:52:47.720Z │                        │
└─────────────┴─────────┴────────────┴──────────────────────────┴────────────────────────┘
Received Sensor: /ul/4jggokgpepnvsb2uv4s40d59op/weatherStation001/attrs
┌─────────────┬─────────┬────────────┬──────────────────────────┬────────────────────────┐
│   (index)   │  state  │ luminosity │           date           │         Values         │
├─────────────┼─────────┼────────────┼──────────────────────────┼────────────────────────┤
│  device_id  │         │            │                          │       'lamp001'        │
│  transport  │         │            │                          │         'MQTT'         │
│ entity_name │         │            │                          │ 'urn:ngsi-ld:Lamp:001' │
│    data     │ 'SOUTH' │  '08.11'   │ 2022-06-20T22:53:17.745Z │                        │
└─────────────┴─────────┴────────────┴──────────────────────────┴────────────────────────┘
Received Sensor: /ul/4jggokgpepnvsb2uv4s40d59op/weatherStation001/attrs
┌─────────────┬─────────┬────────────┬──────────────────────────┬────────────────────────┐
│   (index)   │  state  │ luminosity │           date           │         Values         │
├─────────────┼─────────┼────────────┼──────────────────────────┼────────────────────────┤
│  device_id  │         │            │                          │       'lamp001'        │
│  transport  │         │            │                          │         'MQTT'         │
│ entity_name │         │            │                          │ 'urn:ngsi-ld:Lamp:001' │
│    data     │ 'NORTH' │  '06.60'   │ 2022-06-20T22:53:47.768Z │                        │
└─────────────┴─────────┴────────────┴──────────────────────────┴────────────────────────┘
Received Sensor: /ul/4jggokgpepnvsb2uv4s40d59op/weatherStation001/attrs
┌─────────────┬─────────┬────────────┬──────────────────────────┬────────────────────────┐
│   (index)   │  state  │ luminosity │           date           │         Values         │
├─────────────┼─────────┼────────────┼──────────────────────────┼────────────────────────┤
│  device_id  │         │            │                          │       'lamp001'        │
│  transport  │         │            │                          │         'MQTT'         │
│ entity_name │         │            │                          │ 'urn:ngsi-ld:Lamp:001' │
│    data     │ 'NORTH' │  '03.30'   │ 2022-06-20T22:54:17.777Z │                        │
└─────────────┴─────────┴────────────┴──────────────────────────┴────────────────────────┘
Received Sensor: /ul/4jggokgpepnvsb2uv4s40d59op/weatherStation001/attrs
┌─────────────┬─────────┬────────────┬──────────────────────────┬────────────────────────┐
│   (index)   │  state  │ luminosity │           date           │         Values         │
├─────────────┼─────────┼────────────┼──────────────────────────┼────────────────────────┤
│  device_id  │         │            │                          │       'lamp001'        │
│  transport  │         │            │                          │         'MQTT'         │
│ entity_name │         │            │                          │ 'urn:ngsi-ld:Lamp:001' │
│    data     │ 'SOUTH' │  '00.66'   │ 2022-06-20T22:54:47.802Z │                        │
└─────────────┴─────────┴────────────┴──────────────────────────┴────────────────────────┘
Received Sensor: /ul/4jggokgpepnvsb2uv4s40d59op/weatherStation001/attrs
┌─────────────┬─────────┬────────────┬──────────────────────────┬────────────────────────┐
│   (index)   │  state  │ luminosity │           date           │         Values         │
├─────────────┼─────────┼────────────┼──────────────────────────┼────────────────────────┤
│  device_id  │         │            │                          │       'lamp001'        │
│  transport  │         │            │                          │         'MQTT'         │
│ entity_name │         │            │                          │ 'urn:ngsi-ld:Lamp:001' │
│    data     │ 'SOUTH' │  '00.83'   │ 2022-06-20T22:55:17.833Z │                        │
└─────────────┴─────────┴────────────┴──────────────────────────┴────────────────────────┘
Received Sensor: /ul/4jggokgpepnvsb2uv4s40d59op/weatherStation001/attrs
┌─────────────┬─────────┬────────────┬──────────────────────────┬────────────────────────┐
│   (index)   │  state  │ luminosity │           date           │         Values         │
├─────────────┼─────────┼────────────┼──────────────────────────┼────────────────────────┤
│  device_id  │         │            │                          │       'lamp001'        │
│  transport  │         │            │                          │         'MQTT'         │
│ entity_name │         │            │                          │ 'urn:ngsi-ld:Lamp:001' │
│    data     │ 'SOUTH' │  '07.89'   │ 2022-06-20T22:55:47.853Z │                        │
└─────────────┴─────────┴────────────┴──────────────────────────┴────────────────────────┘
Received Sensor: /ul/4jggokgpepnvsb2uv4s40d59op/weatherStation001/attrs
┌─────────────┬─────────┬────────────┬──────────────────────────┬────────────────────────┐
│   (index)   │  state  │ luminosity │           date           │         Values         │
├─────────────┼─────────┼────────────┼──────────────────────────┼────────────────────────┤
│  device_id  │         │            │                          │       'lamp001'        │
│  transport  │         │            │                          │         'MQTT'         │
│ entity_name │         │            │                          │ 'urn:ngsi-ld:Lamp:001' │
│    data     │ 'SOUTH' │  '04.92'   │ 2022-06-20T22:56:17.860Z │                        │
└─────────────┴─────────┴────────────┴──────────────────────────┴────────────────────────┘
Received Sensor: /ul/4jggokgpepnvsb2uv4s40d59op/weatherStation001/attrs
┌─────────────┬─────────┬────────────┬──────────────────────────┬────────────────────────┐
│   (index)   │  state  │ luminosity │           date           │         Values         │
├─────────────┼─────────┼────────────┼──────────────────────────┼────────────────────────┤
│  device_id  │         │            │                          │       'lamp001'        │
│  transport  │         │            │                          │         'MQTT'         │
│ entity_name │         │            │                          │ 'urn:ngsi-ld:Lamp:001' │
│    data     │ 'NORTH' │  '09.24'   │ 2022-06-20T22:56:47.890Z │                        │
└─────────────┴─────────┴────────────┴──────────────────────────┴────────────────────────┘
Received Sensor: /ul/4jggokgpepnvsb2uv4s40d59op/weatherStation001/attrs
┌─────────────┬─────────┬────────────┬──────────────────────────┬────────────────────────┐
│   (index)   │  state  │ luminosity │           date           │         Values         │
├─────────────┼─────────┼────────────┼──────────────────────────┼────────────────────────┤
│  device_id  │         │            │                          │       'lamp001'        │
│  transport  │         │            │                          │         'MQTT'         │
│ entity_name │         │            │                          │ 'urn:ngsi-ld:Lamp:001' │
│    data     │ 'NORTH' │  '06.75'   │ 2022-06-20T22:57:17.917Z │                        │
└─────────────┴─────────┴────────────┴──────────────────────────┴────────────────────────┘
Received Sensor: /ul/4jggokgpepnvsb2uv4s40d59op/weatherStation001/attrs
┌─────────────┬─────────┬────────────┬──────────────────────────┬────────────────────────┐
│   (index)   │  state  │ luminosity │           date           │         Values         │
├─────────────┼─────────┼────────────┼──────────────────────────┼────────────────────────┤
│  device_id  │         │            │                          │       'lamp001'        │
│  transport  │         │            │                          │         'MQTT'         │
│ entity_name │         │            │                          │ 'urn:ngsi-ld:Lamp:001' │
│    data     │ 'SOUTH' │  '05.54'   │ 2022-06-20T22:57:47.948Z │                        │
└─────────────┴─────────┴────────────┴──────────────────────────┴────────────────────────┘
Received Sensor: /ul/4jggokgpepnvsb2uv4s40d59op/weatherStation001/attrs
┌─────────────┬─────────┬────────────┬──────────────────────────┬────────────────────────┐
│   (index)   │  state  │ luminosity │           date           │         Values         │
├─────────────┼─────────┼────────────┼──────────────────────────┼────────────────────────┤
│  device_id  │         │            │                          │       'lamp001'        │
│  transport  │         │            │                          │         'MQTT'         │
│ entity_name │         │            │                          │ 'urn:ngsi-ld:Lamp:001' │
│    data     │ 'SOUTH' │  '01.80'   │ 2022-06-20T22:58:17.978Z │                        │
└─────────────┴─────────┴────────────┴──────────────────────────┴────────────────────────┘
Received Sensor: /ul/4jggokgpepnvsb2uv4s40d59op/weatherStation001/attrs
┌─────────────┬─────────┬────────────┬──────────────────────────┬────────────────────────┐
│   (index)   │  state  │ luminosity │           date           │         Values         │
├─────────────┼─────────┼────────────┼──────────────────────────┼────────────────────────┤
│  device_id  │         │            │                          │       'lamp001'        │
│  transport  │         │            │                          │         'MQTT'         │
│ entity_name │         │            │                          │ 'urn:ngsi-ld:Lamp:001' │
│    data     │ 'NORTH' │  '00.94'   │ 2022-06-20T22:58:48.008Z │                        │
└─────────────┴─────────┴────────────┴──────────────────────────┴────────────────────────┘
Received Sensor: /ul/4jggokgpepnvsb2uv4s40d59op/weatherStation001/attrs
┌─────────────┬─────────┬────────────┬──────────────────────────┬────────────────────────┐
│   (index)   │  state  │ luminosity │           date           │         Values         │
├─────────────┼─────────┼────────────┼──────────────────────────┼────────────────────────┤
│  device_id  │         │            │                          │       'lamp001'        │
│  transport  │         │            │                          │         'MQTT'         │
│ entity_name │         │            │                          │ 'urn:ngsi-ld:Lamp:001' │
│    data     │ 'NORTH' │  '01.55'   │ 2022-06-20T22:59:18.012Z │                        │
└─────────────┴─────────┴────────────┴──────────────────────────┴────────────────────────┘
Received Sensor: /ul/4jggokgpepnvsb2uv4s40d59op/weatherStation001/attrs
┌─────────────┬─────────┬────────────┬──────────────────────────┬────────────────────────┐
│   (index)   │  state  │ luminosity │           date           │         Values         │
├─────────────┼─────────┼────────────┼──────────────────────────┼────────────────────────┤
│  device_id  │         │            │                          │       'lamp001'        │
│  transport  │         │            │                          │         'MQTT'         │
│ entity_name │         │            │                          │ 'urn:ngsi-ld:Lamp:001' │
│    data     │ 'SOUTH' │  '06.46'   │ 2022-06-20T22:59:48.030Z │                        │
└─────────────┴─────────┴────────────┴──────────────────────────┴────────────────────────┘
Received Sensor: /ul/4jggokgpepnvsb2uv4s40d59op/weatherStation001/attrs
┌─────────────┬─────────┬────────────┬──────────────────────────┬────────────────────────┐
│   (index)   │  state  │ luminosity │           date           │         Values         │
├─────────────┼─────────┼────────────┼──────────────────────────┼────────────────────────┤
│  device_id  │         │            │                          │       'lamp001'        │
│  transport  │         │            │                          │         'MQTT'         │
│ entity_name │         │            │                          │ 'urn:ngsi-ld:Lamp:001' │
│    data     │ 'SOUTH' │  '01.93'   │ 2022-06-20T23:00:18.060Z │                        │
└─────────────┴─────────┴────────────┴──────────────────────────┴────────────────────────┘
Received Sensor: /ul/4jggokgpepnvsb2uv4s40d59op/weatherStation001/attrs
┌─────────────┬─────────┬────────────┬──────────────────────────┬────────────────────────┐
│   (index)   │  state  │ luminosity │           date           │         Values         │
├─────────────┼─────────┼────────────┼──────────────────────────┼────────────────────────┤
│  device_id  │         │            │                          │       'lamp001'        │
│  transport  │         │            │                          │         'MQTT'         │
│ entity_name │         │            │                          │ 'urn:ngsi-ld:Lamp:001' │
│    data     │ 'NORTH' │  '09.57'   │ 2022-06-20T23:00:48.091Z │                        │
└─────────────┴─────────┴────────────┴──────────────────────────┴────────────────────────┘
Received Sensor: /ul/4jggokgpepnvsb2uv4s40d59op/weatherStation001/attrs
┌─────────────┬─────────┬────────────┬──────────────────────────┬────────────────────────┐
│   (index)   │  state  │ luminosity │           date           │         Values         │
├─────────────┼─────────┼────────────┼──────────────────────────┼────────────────────────┤
│  device_id  │         │            │                          │       'lamp001'        │
│  transport  │         │            │                          │         'MQTT'         │
│ entity_name │         │            │                          │ 'urn:ngsi-ld:Lamp:001' │
│    data     │ 'NORTH' │  '05.27'   │ 2022-06-20T23:01:18.121Z │                        │
└─────────────┴─────────┴────────────┴──────────────────────────┴────────────────────────┘
Received Sensor: /ul/4jggokgpepnvsb2uv4s40d59op/weatherStation001/attrs
┌─────────────┬─────────┬────────────┬──────────────────────────┬────────────────────────┐
│   (index)   │  state  │ luminosity │           date           │         Values         │
├─────────────┼─────────┼────────────┼──────────────────────────┼────────────────────────┤
│  device_id  │         │            │                          │       'lamp001'        │
│  transport  │         │            │                          │         'MQTT'         │
│ entity_name │         │            │                          │ 'urn:ngsi-ld:Lamp:001' │
│    data     │ 'SOUTH' │  '07.66'   │ 2022-06-20T23:01:48.150Z │                        │
└─────────────┴─────────┴────────────┴──────────────────────────┴────────────────────────┘
Received Sensor: /ul/4jggokgpepnvsb2uv4s40d59op/weatherStation001/attrs
┌─────────────┬─────────┬────────────┬──────────────────────────┬────────────────────────┐
│   (index)   │  state  │ luminosity │           date           │         Values         │
├─────────────┼─────────┼────────────┼──────────────────────────┼────────────────────────┤
│  device_id  │         │            │                          │       'lamp001'        │
│  transport  │         │            │                          │         'MQTT'         │
│ entity_name │         │            │                          │ 'urn:ngsi-ld:Lamp:001' │
│    data     │ 'SOUTH' │  '02.37'   │ 2022-06-20T23:02:18.170Z │                        │
└─────────────┴─────────┴────────────┴──────────────────────────┴────────────────────────┘
Received Sensor: /ul/4jggokgpepnvsb2uv4s40d59op/weatherStation001/attrs
┌─────────────┬─────────┬────────────┬──────────────────────────┬────────────────────────┐
│   (index)   │  state  │ luminosity │           date           │         Values         │
├─────────────┼─────────┼────────────┼──────────────────────────┼────────────────────────┤
│  device_id  │         │            │                          │       'lamp001'        │
│  transport  │         │            │                          │         'MQTT'         │
│ entity_name │         │            │                          │ 'urn:ngsi-ld:Lamp:001' │
│    data     │ 'NORTH' │  '05.11'   │ 2022-06-20T23:02:48.191Z │                        │
└─────────────┴─────────┴────────────┴──────────────────────────┴────────────────────────┘
Received Sensor: /ul/4jggokgpepnvsb2uv4s40d59op/weatherStation001/attrs
┌─────────────┬─────────┬────────────┬──────────────────────────┬────────────────────────┐
│   (index)   │  state  │ luminosity │           date           │         Values         │
├─────────────┼─────────┼────────────┼──────────────────────────┼────────────────────────┤
│  device_id  │         │            │                          │       'lamp001'        │
│  transport  │         │            │                          │         'MQTT'         │
│ entity_name │         │            │                          │ 'urn:ngsi-ld:Lamp:001' │
│    data     │ 'NORTH' │  '05.54'   │ 2022-06-20T23:03:18.222Z │                        │
└─────────────┴─────────┴────────────┴──────────────────────────┴────────────────────────┘
Received Sensor: /ul/4jggokgpepnvsb2uv4s40d59op/weatherStation001/attrs
┌─────────────┬─────────┬────────────┬──────────────────────────┬────────────────────────┐
│   (index)   │  state  │ luminosity │           date           │         Values         │
├─────────────┼─────────┼────────────┼──────────────────────────┼────────────────────────┤
│  device_id  │         │            │                          │       'lamp001'        │
│  transport  │         │            │                          │         'MQTT'         │
│ entity_name │         │            │                          │ 'urn:ngsi-ld:Lamp:001' │
│    data     │ 'SOUTH' │  '06.88'   │ 2022-06-20T23:03:48.245Z │                        │
└─────────────┴─────────┴────────────┴──────────────────────────┴────────────────────────┘
Received Sensor: /ul/4jggokgpepnvsb2uv4s40d59op/weatherStation001/attrs
┌─────────────┬─────────┬────────────┬──────────────────────────┬────────────────────────┐
│   (index)   │  state  │ luminosity │           date           │         Values         │
├─────────────┼─────────┼────────────┼──────────────────────────┼────────────────────────┤
│  device_id  │         │            │                          │       'lamp001'        │
│  transport  │         │            │                          │         'MQTT'         │
│ entity_name │         │            │                          │ 'urn:ngsi-ld:Lamp:001' │
│    data     │ 'NORTH' │  '04.31'   │ 2022-06-20T23:04:18.266Z │                        │
└─────────────┴─────────┴────────────┴──────────────────────────┴────────────────────────┘
Received Sensor: /ul/4jggokgpepnvsb2uv4s40d59op/weatherStation001/attrs
┌─────────────┬─────────┬────────────┬──────────────────────────┬────────────────────────┐
│   (index)   │  state  │ luminosity │           date           │         Values         │
├─────────────┼─────────┼────────────┼──────────────────────────┼────────────────────────┤
│  device_id  │         │            │                          │       'lamp001'        │
│  transport  │         │            │                          │         'MQTT'         │
│ entity_name │         │            │                          │ 'urn:ngsi-ld:Lamp:001' │
│    data     │ 'SOUTH' │  '04.61'   │ 2022-06-20T23:04:48.288Z │                        │
└─────────────┴─────────┴────────────┴──────────────────────────┴────────────────────────┘
Received Sensor: /ul/4jggokgpepnvsb2uv4s40d59op/weatherStation001/attrs
┌─────────────┬─────────┬────────────┬──────────────────────────┬────────────────────────┐
│   (index)   │  state  │ luminosity │           date           │         Values         │
├─────────────┼─────────┼────────────┼──────────────────────────┼────────────────────────┤
│  device_id  │         │            │                          │       'lamp001'        │
│  transport  │         │            │                          │         'MQTT'         │
│ entity_name │         │            │                          │ 'urn:ngsi-ld:Lamp:001' │
│    data     │ 'SOUTH' │  '03.90'   │ 2022-06-20T23:05:18.317Z │                        │
└─────────────┴─────────┴────────────┴──────────────────────────┴────────────────────────┘
Received Sensor: /ul/4jggokgpepnvsb2uv4s40d59op/weatherStation001/attrs
┌─────────────┬─────────┬────────────┬──────────────────────────┬────────────────────────┐
│   (index)   │  state  │ luminosity │           date           │         Values         │
├─────────────┼─────────┼────────────┼──────────────────────────┼────────────────────────┤
│  device_id  │         │            │                          │       'lamp001'        │
│  transport  │         │            │                          │         'MQTT'         │
│ entity_name │         │            │                          │ 'urn:ngsi-ld:Lamp:001' │
│    data     │ 'SOUTH' │  '02.93'   │ 2022-06-20T23:05:48.342Z │                        │
└─────────────┴─────────┴────────────┴──────────────────────────┴────────────────────────┘
Received Sensor: /ul/4jggokgpepnvsb2uv4s40d59op/weatherStation001/attrs
┌─────────────┬─────────┬────────────┬──────────────────────────┬────────────────────────┐
│   (index)   │  state  │ luminosity │           date           │         Values         │
├─────────────┼─────────┼────────────┼──────────────────────────┼────────────────────────┤
│  device_id  │         │            │                          │       'lamp001'        │
│  transport  │         │            │                          │         'MQTT'         │
│ entity_name │         │            │                          │ 'urn:ngsi-ld:Lamp:001' │
│    data     │ 'SOUTH' │  '07.86'   │ 2022-06-20T23:06:18.367Z │                        │
└─────────────┴─────────┴────────────┴──────────────────────────┴────────────────────────┘
Received Sensor: /ul/4jggokgpepnvsb2uv4s40d59op/weatherStation001/attrs
┌─────────────┬─────────┬────────────┬──────────────────────────┬────────────────────────┐
│   (index)   │  state  │ luminosity │           date           │         Values         │
├─────────────┼─────────┼────────────┼──────────────────────────┼────────────────────────┤
│  device_id  │         │            │                          │       'lamp001'        │
│  transport  │         │            │                          │         'MQTT'         │
│ entity_name │         │            │                          │ 'urn:ngsi-ld:Lamp:001' │
│    data     │ 'SOUTH' │  '03.93'   │ 2022-06-20T23:06:48.378Z │                        │
└─────────────┴─────────┴────────────┴──────────────────────────┴────────────────────────┘
Received Sensor: /ul/4jggokgpepnvsb2uv4s40d59op/weatherStation001/attrs
┌─────────────┬─────────┬────────────┬──────────────────────────┬────────────────────────┐
│   (index)   │  state  │ luminosity │           date           │         Values         │
├─────────────┼─────────┼────────────┼──────────────────────────┼────────────────────────┤
│  device_id  │         │            │                          │       'lamp001'        │
│  transport  │         │            │                          │         'MQTT'         │
│ entity_name │         │            │                          │ 'urn:ngsi-ld:Lamp:001' │
│    data     │ 'SOUTH' │  '05.16'   │ 2022-06-20T23:07:18.398Z │                        │
└─────────────┴─────────┴────────────┴──────────────────────────┴────────────────────────┘
Received Sensor: /ul/4jggokgpepnvsb2uv4s40d59op/weatherStation001/attrs
┌─────────────┬─────────┬────────────┬──────────────────────────┬────────────────────────┐
│   (index)   │  state  │ luminosity │           date           │         Values         │
├─────────────┼─────────┼────────────┼──────────────────────────┼────────────────────────┤
│  device_id  │         │            │                          │       'lamp001'        │
│  transport  │         │            │                          │         'MQTT'         │
│ entity_name │         │            │                          │ 'urn:ngsi-ld:Lamp:001' │
│    data     │ 'SOUTH' │  '03.61'   │ 2022-06-20T23:07:48.414Z │                        │
└─────────────┴─────────┴────────────┴──────────────────────────┴────────────────────────┘
Received Sensor: /ul/4jggokgpepnvsb2uv4s40d59op/weatherStation001/attrs
┌─────────────┬─────────┬────────────┬──────────────────────────┬────────────────────────┐
│   (index)   │  state  │ luminosity │           date           │         Values         │
├─────────────┼─────────┼────────────┼──────────────────────────┼────────────────────────┤
│  device_id  │         │            │                          │       'lamp001'        │
│  transport  │         │            │                          │         'MQTT'         │
│ entity_name │         │            │                          │ 'urn:ngsi-ld:Lamp:001' │
│    data     │ 'NORTH' │  '01.87'   │ 2022-06-20T23:08:18.442Z │                        │
└─────────────┴─────────┴────────────┴──────────────────────────┴────────────────────────┘
Received Sensor: /ul/4jggokgpepnvsb2uv4s40d59op/weatherStation001/attrs
┌─────────────┬─────────┬────────────┬──────────────────────────┬────────────────────────┐
│   (index)   │  state  │ luminosity │           date           │         Values         │
├─────────────┼─────────┼────────────┼──────────────────────────┼────────────────────────┤
│  device_id  │         │            │                          │       'lamp001'        │
│  transport  │         │            │                          │         'MQTT'         │
│ entity_name │         │            │                          │ 'urn:ngsi-ld:Lamp:001' │
│    data     │ 'NORTH' │  '01.35'   │ 2022-06-20T23:08:48.459Z │                        │
└─────────────┴─────────┴────────────┴──────────────────────────┴────────────────────────┘
Received Sensor: /ul/4jggokgpepnvsb2uv4s40d59op/weatherStation001/attrs
┌─────────────┬─────────┬────────────┬──────────────────────────┬────────────────────────┐
│   (index)   │  state  │ luminosity │           date           │         Values         │
├─────────────┼─────────┼────────────┼──────────────────────────┼────────────────────────┤
│  device_id  │         │            │                          │       'lamp001'        │
│  transport  │         │            │                          │         'MQTT'         │
│ entity_name │         │            │                          │ 'urn:ngsi-ld:Lamp:001' │
│    data     │ 'NORTH' │  '00.40'   │ 2022-06-20T23:09:18.474Z │                        │
└─────────────┴─────────┴────────────┴──────────────────────────┴────────────────────────┘
Received Sensor: /ul/4jggokgpepnvsb2uv4s40d59op/weatherStation001/attrs
┌─────────────┬─────────┬────────────┬──────────────────────────┬────────────────────────┐
│   (index)   │  state  │ luminosity │           date           │         Values         │
├─────────────┼─────────┼────────────┼──────────────────────────┼────────────────────────┤
│  device_id  │         │            │                          │       'lamp001'        │
│  transport  │         │            │                          │         'MQTT'         │
│ entity_name │         │            │                          │ 'urn:ngsi-ld:Lamp:001' │
│    data     │ 'SOUTH' │  '00.26'   │ 2022-06-20T23:09:48.505Z │                        │
└─────────────┴─────────┴────────────┴──────────────────────────┴────────────────────────┘
Received Sensor: /ul/4jggokgpepnvsb2uv4s40d59op/weatherStation001/attrs
┌─────────────┬─────────┬────────────┬──────────────────────────┬────────────────────────┐
│   (index)   │  state  │ luminosity │           date           │         Values         │
├─────────────┼─────────┼────────────┼──────────────────────────┼────────────────────────┤
│  device_id  │         │            │                          │       'lamp001'        │
│  transport  │         │            │                          │         'MQTT'         │
│ entity_name │         │            │                          │ 'urn:ngsi-ld:Lamp:001' │
│    data     │ 'SOUTH' │  '00.78'   │ 2022-06-20T23:10:18.535Z │                        │
└─────────────┴─────────┴────────────┴──────────────────────────┴────────────────────────┘
Received Sensor: /ul/4jggokgpepnvsb2uv4s40d59op/weatherStation001/attrs
┌─────────────┬─────────┬────────────┬──────────────────────────┬────────────────────────┐
│   (index)   │  state  │ luminosity │           date           │         Values         │
├─────────────┼─────────┼────────────┼──────────────────────────┼────────────────────────┤
│  device_id  │         │            │                          │       'lamp001'        │
│  transport  │         │            │                          │         'MQTT'         │
│ entity_name │         │            │                          │ 'urn:ngsi-ld:Lamp:001' │
│    data     │ 'SOUTH' │  '03.31'   │ 2022-06-20T23:10:48.566Z │                        │
└─────────────┴─────────┴────────────┴──────────────────────────┴────────────────────────┘
Received Sensor: /ul/4jggokgpepnvsb2uv4s40d59op/weatherStation001/attrs
┌─────────────┬─────────┬────────────┬──────────────────────────┬────────────────────────┐
│   (index)   │  state  │ luminosity │           date           │         Values         │
├─────────────┼─────────┼────────────┼──────────────────────────┼────────────────────────┤
│  device_id  │         │            │                          │       'lamp001'        │
│  transport  │         │            │                          │         'MQTT'         │
│ entity_name │         │            │                          │ 'urn:ngsi-ld:Lamp:001' │
│    data     │ 'NORTH' │  '08.43'   │ 2022-06-20T23:11:18.591Z │                        │
└─────────────┴─────────┴────────────┴──────────────────────────┴────────────────────────┘
Received Sensor: /ul/4jggokgpepnvsb2uv4s40d59op/weatherStation001/attrs
┌─────────────┬─────────┬────────────┬──────────────────────────┬────────────────────────┐
│   (index)   │  state  │ luminosity │           date           │         Values         │
├─────────────┼─────────┼────────────┼──────────────────────────┼────────────────────────┤
│  device_id  │         │            │                          │       'lamp001'        │
│  transport  │         │            │                          │         'MQTT'         │
│ entity_name │         │            │                          │ 'urn:ngsi-ld:Lamp:001' │
│    data     │ 'NORTH' │  '04.81'   │ 2022-06-20T23:11:48.621Z │                        │
└─────────────┴─────────┴────────────┴──────────────────────────┴────────────────────────┘
Received Sensor: /ul/4jggokgpepnvsb2uv4s40d59op/weatherStation001/attrs
┌─────────────┬─────────┬────────────┬──────────────────────────┬────────────────────────┐
│   (index)   │  state  │ luminosity │           date           │         Values         │
├─────────────┼─────────┼────────────┼──────────────────────────┼────────────────────────┤
│  device_id  │         │            │                          │       'lamp001'        │
│  transport  │         │            │                          │         'MQTT'         │
│ entity_name │         │            │                          │ 'urn:ngsi-ld:Lamp:001' │
│    data     │ 'SOUTH' │  '02.15'   │ 2022-06-20T23:12:18.635Z │                        │
└─────────────┴─────────┴────────────┴──────────────────────────┴────────────────────────┘
Received Sensor: /ul/4jggokgpepnvsb2uv4s40d59op/weatherStation001/attrs
┌─────────────┬─────────┬────────────┬──────────────────────────┬────────────────────────┐
│   (index)   │  state  │ luminosity │           date           │         Values         │
├─────────────┼─────────┼────────────┼──────────────────────────┼────────────────────────┤
│  device_id  │         │            │                          │       'lamp001'        │
│  transport  │         │            │                          │         'MQTT'         │
│ entity_name │         │            │                          │ 'urn:ngsi-ld:Lamp:001' │
│    data     │ 'SOUTH' │  '05.73'   │ 2022-06-20T23:12:48.655Z │                        │
└─────────────┴─────────┴────────────┴──────────────────────────┴────────────────────────┘
Received Sensor: /ul/4jggokgpepnvsb2uv4s40d59op/weatherStation001/attrs
┌─────────────┬─────────┬────────────┬──────────────────────────┬────────────────────────┐
│   (index)   │  state  │ luminosity │           date           │         Values         │
├─────────────┼─────────┼────────────┼──────────────────────────┼────────────────────────┤
│  device_id  │         │            │                          │       'lamp001'        │
│  transport  │         │            │                          │         'MQTT'         │
│ entity_name │         │            │                          │ 'urn:ngsi-ld:Lamp:001' │
│    data     │ 'SOUTH' │  '05.42'   │ 2022-06-20T23:13:18.681Z │                        │
└─────────────┴─────────┴────────────┴──────────────────────────┴────────────────────────┘
Received Sensor: /ul/4jggokgpepnvsb2uv4s40d59op/weatherStation001/attrs
┌─────────────┬─────────┬────────────┬──────────────────────────┬────────────────────────┐
│   (index)   │  state  │ luminosity │           date           │         Values         │
├─────────────┼─────────┼────────────┼──────────────────────────┼────────────────────────┤
│  device_id  │         │            │                          │       'lamp001'        │
│  transport  │         │            │                          │         'MQTT'         │
│ entity_name │         │            │                          │ 'urn:ngsi-ld:Lamp:001' │
│    data     │ 'NORTH' │  '06.15'   │ 2022-06-20T23:13:48.708Z │                        │
└─────────────┴─────────┴────────────┴──────────────────────────┴────────────────────────┘
Received Sensor: /ul/4jggokgpepnvsb2uv4s40d59op/weatherStation001/attrs
┌─────────────┬─────────┬────────────┬──────────────────────────┬────────────────────────┐
│   (index)   │  state  │ luminosity │           date           │         Values         │
├─────────────┼─────────┼────────────┼──────────────────────────┼────────────────────────┤
│  device_id  │         │            │                          │       'lamp001'        │
│  transport  │         │            │                          │         'MQTT'         │
│ entity_name │         │            │                          │ 'urn:ngsi-ld:Lamp:001' │
│    data     │ 'SOUTH' │  '09.29'   │ 2022-06-20T23:14:18.733Z │                        │
└─────────────┴─────────┴────────────┴──────────────────────────┴────────────────────────┘
Received Sensor: /ul/4jggokgpepnvsb2uv4s40d59op/weatherStation001/attrs
┌─────────────┬─────────┬────────────┬──────────────────────────┬────────────────────────┐
│   (index)   │  state  │ luminosity │           date           │         Values         │
├─────────────┼─────────┼────────────┼──────────────────────────┼────────────────────────┤
│  device_id  │         │            │                          │       'lamp001'        │
│  transport  │         │            │                          │         'MQTT'         │
│ entity_name │         │            │                          │ 'urn:ngsi-ld:Lamp:001' │
│    data     │ 'SOUTH' │  '01.29'   │ 2022-06-20T23:14:48.764Z │                        │
└─────────────┴─────────┴────────────┴──────────────────────────┴────────────────────────┘
Received Sensor: /ul/4jggokgpepnvsb2uv4s40d59op/weatherStation001/attrs
┌─────────────┬─────────┬────────────┬──────────────────────────┬────────────────────────┐
│   (index)   │  state  │ luminosity │           date           │         Values         │
├─────────────┼─────────┼────────────┼──────────────────────────┼────────────────────────┤
│  device_id  │         │            │                          │       'lamp001'        │
│  transport  │         │            │                          │         'MQTT'         │
│ entity_name │         │            │                          │ 'urn:ngsi-ld:Lamp:001' │
│    data     │ 'NORTH' │  '02.46'   │ 2022-06-20T23:15:18.791Z │                        │
└─────────────┴─────────┴────────────┴──────────────────────────┴────────────────────────┘
Received Sensor: /ul/4jggokgpepnvsb2uv4s40d59op/weatherStation001/attrs
┌─────────────┬─────────┬────────────┬──────────────────────────┬────────────────────────┐
│   (index)   │  state  │ luminosity │           date           │         Values         │
├─────────────┼─────────┼────────────┼──────────────────────────┼────────────────────────┤
│  device_id  │         │            │                          │       'lamp001'        │
│  transport  │         │            │                          │         'MQTT'         │
│ entity_name │         │            │                          │ 'urn:ngsi-ld:Lamp:001' │
│    data     │ 'NORTH' │  '08.57'   │ 2022-06-20T23:15:48.795Z │                        │
└─────────────┴─────────┴────────────┴──────────────────────────┴────────────────────────┘
Received Sensor: /ul/4jggokgpepnvsb2uv4s40d59op/weatherStation001/attrs
┌─────────────┬─────────┬────────────┬──────────────────────────┬────────────────────────┐
│   (index)   │  state  │ luminosity │           date           │         Values         │
├─────────────┼─────────┼────────────┼──────────────────────────┼────────────────────────┤
│  device_id  │         │            │                          │       'lamp001'        │
│  transport  │         │            │                          │         'MQTT'         │
│ entity_name │         │            │                          │ 'urn:ngsi-ld:Lamp:001' │
│    data     │ 'NORTH' │  '00.65'   │ 2022-06-20T23:16:18.811Z │                        │
└─────────────┴─────────┴────────────┴──────────────────────────┴────────────────────────┘
Received Sensor: /ul/4jggokgpepnvsb2uv4s40d59op/weatherStation001/attrs
┌─────────────┬─────────┬────────────┬──────────────────────────┬────────────────────────┐
│   (index)   │  state  │ luminosity │           date           │         Values         │
├─────────────┼─────────┼────────────┼──────────────────────────┼────────────────────────┤
│  device_id  │         │            │                          │       'lamp001'        │
│  transport  │         │            │                          │         'MQTT'         │
│ entity_name │         │            │                          │ 'urn:ngsi-ld:Lamp:001' │
│    data     │ 'SOUTH' │  '06.08'   │ 2022-06-20T23:16:48.841Z │                        │
└─────────────┴─────────┴────────────┴──────────────────────────┴────────────────────────┘
Received Sensor: /ul/4jggokgpepnvsb2uv4s40d59op/weatherStation001/attrs
┌─────────────┬─────────┬────────────┬──────────────────────────┬────────────────────────┐
│   (index)   │  state  │ luminosity │           date           │         Values         │
├─────────────┼─────────┼────────────┼──────────────────────────┼────────────────────────┤
│  device_id  │         │            │                          │       'lamp001'        │
│  transport  │         │            │                          │         'MQTT'         │
│ entity_name │         │            │                          │ 'urn:ngsi-ld:Lamp:001' │
│    data     │ 'NORTH' │  '01.66'   │ 2022-06-20T23:17:18.868Z │                        │
└─────────────┴─────────┴────────────┴──────────────────────────┴────────────────────────┘
Received Sensor: /ul/4jggokgpepnvsb2uv4s40d59op/weatherStation001/attrs
┌─────────────┬─────────┬────────────┬──────────────────────────┬────────────────────────┐
│   (index)   │  state  │ luminosity │           date           │         Values         │
├─────────────┼─────────┼────────────┼──────────────────────────┼────────────────────────┤
│  device_id  │         │            │                          │       'lamp001'        │
│  transport  │         │            │                          │         'MQTT'         │
│ entity_name │         │            │                          │ 'urn:ngsi-ld:Lamp:001' │
│    data     │ 'NORTH' │  '07.15'   │ 2022-06-20T23:17:48.892Z │                        │
└─────────────┴─────────┴────────────┴──────────────────────────┴────────────────────────┘
Received Sensor: /ul/4jggokgpepnvsb2uv4s40d59op/weatherStation001/attrs
┌─────────────┬─────────┬────────────┬──────────────────────────┬────────────────────────┐
│   (index)   │  state  │ luminosity │           date           │         Values         │
├─────────────┼─────────┼────────────┼──────────────────────────┼────────────────────────┤
│  device_id  │         │            │                          │       'lamp001'        │
│  transport  │         │            │                          │         'MQTT'         │
│ entity_name │         │            │                          │ 'urn:ngsi-ld:Lamp:001' │
│    data     │ 'SOUTH' │  '04.77'   │ 2022-06-20T23:18:18.915Z │                        │
└─────────────┴─────────┴────────────┴──────────────────────────┴────────────────────────┘
Received Sensor: /ul/4jggokgpepnvsb2uv4s40d59op/weatherStation001/attrs
┌─────────────┬─────────┬────────────┬──────────────────────────┬────────────────────────┐
│   (index)   │  state  │ luminosity │           date           │         Values         │
├─────────────┼─────────┼────────────┼──────────────────────────┼────────────────────────┤
│  device_id  │         │            │                          │       'lamp001'        │
│  transport  │         │            │                          │         'MQTT'         │
│ entity_name │         │            │                          │ 'urn:ngsi-ld:Lamp:001' │
│    data     │ 'NORTH' │  '06.38'   │ 2022-06-20T23:18:48.945Z │                        │
└─────────────┴─────────┴────────────┴──────────────────────────┴────────────────────────┘
Received Sensor: /ul/4jggokgpepnvsb2uv4s40d59op/weatherStation001/attrs
┌─────────────┬─────────┬────────────┬──────────────────────────┬────────────────────────┐
│   (index)   │  state  │ luminosity │           date           │         Values         │
├─────────────┼─────────┼────────────┼──────────────────────────┼────────────────────────┤
│  device_id  │         │            │                          │       'lamp001'        │
│  transport  │         │            │                          │         'MQTT'         │
│ entity_name │         │            │                          │ 'urn:ngsi-ld:Lamp:001' │
│    data     │ 'NORTH' │  '07.98'   │ 2022-06-20T23:19:18.968Z │                        │
└─────────────┴─────────┴────────────┴──────────────────────────┴────────────────────────┘
Received Sensor: /ul/4jggokgpepnvsb2uv4s40d59op/weatherStation001/attrs
┌─────────────┬─────────┬────────────┬──────────────────────────┬────────────────────────┐
│   (index)   │  state  │ luminosity │           date           │         Values         │
├─────────────┼─────────┼────────────┼──────────────────────────┼────────────────────────┤
│  device_id  │         │            │                          │       'lamp001'        │
│  transport  │         │            │                          │         'MQTT'         │
│ entity_name │         │            │                          │ 'urn:ngsi-ld:Lamp:001' │
│    data     │ 'NORTH' │  '05.53'   │ 2022-06-20T23:19:48.979Z │                        │
└─────────────┴─────────┴────────────┴──────────────────────────┴────────────────────────┘
Received Sensor: /ul/4jggokgpepnvsb2uv4s40d59op/weatherStation001/attrs
┌─────────────┬─────────┬────────────┬──────────────────────────┬────────────────────────┐
│   (index)   │  state  │ luminosity │           date           │         Values         │
├─────────────┼─────────┼────────────┼──────────────────────────┼────────────────────────┤
│  device_id  │         │            │                          │       'lamp001'        │
│  transport  │         │            │                          │         'MQTT'         │
│ entity_name │         │            │                          │ 'urn:ngsi-ld:Lamp:001' │
│    data     │ 'SOUTH' │  '07.00'   │ 2022-06-20T23:20:19.007Z │                        │
└─────────────┴─────────┴────────────┴──────────────────────────┴────────────────────────┘
Received Sensor: /ul/4jggokgpepnvsb2uv4s40d59op/weatherStation001/attrs
┌─────────────┬─────────┬────────────┬──────────────────────────┬────────────────────────┐
│   (index)   │  state  │ luminosity │           date           │         Values         │
├─────────────┼─────────┼────────────┼──────────────────────────┼────────────────────────┤
│  device_id  │         │            │                          │       'lamp001'        │
│  transport  │         │            │                          │         'MQTT'         │
│ entity_name │         │            │                          │ 'urn:ngsi-ld:Lamp:001' │
│    data     │ 'SOUTH' │  '00.57'   │ 2022-06-20T23:20:49.033Z │                        │
└─────────────┴─────────┴────────────┴──────────────────────────┴────────────────────────┘
Received Sensor: /ul/4jggokgpepnvsb2uv4s40d59op/weatherStation001/attrs
┌─────────────┬─────────┬────────────┬──────────────────────────┬────────────────────────┐
│   (index)   │  state  │ luminosity │           date           │         Values         │
├─────────────┼─────────┼────────────┼──────────────────────────┼────────────────────────┤
│  device_id  │         │            │                          │       'lamp001'        │
│  transport  │         │            │                          │         'MQTT'         │
│ entity_name │         │            │                          │ 'urn:ngsi-ld:Lamp:001' │
│    data     │ 'SOUTH' │  '04.33'   │ 2022-06-20T23:21:19.064Z │                        │
└─────────────┴─────────┴────────────┴──────────────────────────┴────────────────────────┘
Received Sensor: /ul/4jggokgpepnvsb2uv4s40d59op/weatherStation001/attrs
┌─────────────┬─────────┬────────────┬──────────────────────────┬────────────────────────┐
│   (index)   │  state  │ luminosity │           date           │         Values         │
├─────────────┼─────────┼────────────┼──────────────────────────┼────────────────────────┤
│  device_id  │         │            │                          │       'lamp001'        │
│  transport  │         │            │                          │         'MQTT'         │
│ entity_name │         │            │                          │ 'urn:ngsi-ld:Lamp:001' │
│    data     │ 'NORTH' │  '04.15'   │ 2022-06-20T23:21:49.086Z │                        │
└─────────────┴─────────┴────────────┴──────────────────────────┴────────────────────────┘
Received Sensor: /ul/4jggokgpepnvsb2uv4s40d59op/weatherStation001/attrs
┌─────────────┬─────────┬────────────┬──────────────────────────┬────────────────────────┐
│   (index)   │  state  │ luminosity │           date           │         Values         │
├─────────────┼─────────┼────────────┼──────────────────────────┼────────────────────────┤
│  device_id  │         │            │                          │       'lamp001'        │
│  transport  │         │            │                          │         'MQTT'         │
│ entity_name │         │            │                          │ 'urn:ngsi-ld:Lamp:001' │
│    data     │ 'NORTH' │  '03.10'   │ 2022-06-20T23:22:19.110Z │                        │
└─────────────┴─────────┴────────────┴──────────────────────────┴────────────────────────┘
Received Sensor: /ul/4jggokgpepnvsb2uv4s40d59op/weatherStation001/attrs
┌─────────────┬─────────┬────────────┬──────────────────────────┬────────────────────────┐
│   (index)   │  state  │ luminosity │           date           │         Values         │
├─────────────┼─────────┼────────────┼──────────────────────────┼────────────────────────┤
│  device_id  │         │            │                          │       'lamp001'        │
│  transport  │         │            │                          │         'MQTT'         │
│ entity_name │         │            │                          │ 'urn:ngsi-ld:Lamp:001' │
│    data     │ 'NORTH' │  '08.98'   │ 2022-06-20T23:22:49.132Z │                        │
└─────────────┴─────────┴────────────┴──────────────────────────┴────────────────────────┘
Received Sensor: /ul/4jggokgpepnvsb2uv4s40d59op/weatherStation001/attrs
┌─────────────┬─────────┬────────────┬──────────────────────────┬────────────────────────┐
│   (index)   │  state  │ luminosity │           date           │         Values         │
├─────────────┼─────────┼────────────┼──────────────────────────┼────────────────────────┤
│  device_id  │         │            │                          │       'lamp001'        │
│  transport  │         │            │                          │         'MQTT'         │
│ entity_name │         │            │                          │ 'urn:ngsi-ld:Lamp:001' │
│    data     │ 'SOUTH' │  '09.36'   │ 2022-06-20T23:23:19.162Z │                        │
└─────────────┴─────────┴────────────┴──────────────────────────┴────────────────────────┘
Received Sensor: /ul/4jggokgpepnvsb2uv4s40d59op/weatherStation001/attrs
┌─────────────┬─────────┬────────────┬──────────────────────────┬────────────────────────┐
│   (index)   │  state  │ luminosity │           date           │         Values         │
├─────────────┼─────────┼────────────┼──────────────────────────┼────────────────────────┤
│  device_id  │         │            │                          │       'lamp001'        │
│  transport  │         │            │                          │         'MQTT'         │
│ entity_name │         │            │                          │ 'urn:ngsi-ld:Lamp:001' │
│    data     │ 'NORTH' │  '06.63'   │ 2022-06-20T23:23:49.182Z │                        │
└─────────────┴─────────┴────────────┴──────────────────────────┴────────────────────────┘
Received Sensor: /ul/4jggokgpepnvsb2uv4s40d59op/weatherStation001/attrs
┌─────────────┬─────────┬────────────┬──────────────────────────┬────────────────────────┐
│   (index)   │  state  │ luminosity │           date           │         Values         │
├─────────────┼─────────┼────────────┼──────────────────────────┼────────────────────────┤
│  device_id  │         │            │                          │       'lamp001'        │
│  transport  │         │            │                          │         'MQTT'         │
│ entity_name │         │            │                          │ 'urn:ngsi-ld:Lamp:001' │
│    data     │ 'SOUTH' │  '09.95'   │ 2022-06-20T23:24:19.206Z │                        │
└─────────────┴─────────┴────────────┴──────────────────────────┴────────────────────────┘
Received Sensor: /ul/4jggokgpepnvsb2uv4s40d59op/weatherStation001/attrs
┌─────────────┬─────────┬────────────┬──────────────────────────┬────────────────────────┐
│   (index)   │  state  │ luminosity │           date           │         Values         │
├─────────────┼─────────┼────────────┼──────────────────────────┼────────────────────────┤
│  device_id  │         │            │                          │       'lamp001'        │
│  transport  │         │            │                          │         'MQTT'         │
│ entity_name │         │            │                          │ 'urn:ngsi-ld:Lamp:001' │
│    data     │ 'SOUTH' │  '01.43'   │ 2022-06-20T23:24:49.224Z │                        │
└─────────────┴─────────┴────────────┴──────────────────────────┴────────────────────────┘
Received Sensor: /ul/4jggokgpepnvsb2uv4s40d59op/weatherStation001/attrs
┌─────────────┬─────────┬────────────┬──────────────────────────┬────────────────────────┐
│   (index)   │  state  │ luminosity │           date           │         Values         │
├─────────────┼─────────┼────────────┼──────────────────────────┼────────────────────────┤
│  device_id  │         │            │                          │       'lamp001'        │
│  transport  │         │            │                          │         'MQTT'         │
│ entity_name │         │            │                          │ 'urn:ngsi-ld:Lamp:001' │
│    data     │ 'NORTH' │  '08.05'   │ 2022-06-20T23:25:19.253Z │                        │
└─────────────┴─────────┴────────────┴──────────────────────────┴────────────────────────┘
Received Sensor: /ul/4jggokgpepnvsb2uv4s40d59op/weatherStation001/attrs
┌─────────────┬─────────┬────────────┬──────────────────────────┬────────────────────────┐
│   (index)   │  state  │ luminosity │           date           │         Values         │
├─────────────┼─────────┼────────────┼──────────────────────────┼────────────────────────┤
│  device_id  │         │            │                          │       'lamp001'        │
│  transport  │         │            │                          │         'MQTT'         │
│ entity_name │         │            │                          │ 'urn:ngsi-ld:Lamp:001' │
│    data     │ 'NORTH' │  '01.62'   │ 2022-06-20T23:25:49.284Z │                        │
└─────────────┴─────────┴────────────┴──────────────────────────┴────────────────────────┘
Received Sensor: /ul/4jggokgpepnvsb2uv4s40d59op/weatherStation001/attrs
┌─────────────┬─────────┬────────────┬──────────────────────────┬────────────────────────┐
│   (index)   │  state  │ luminosity │           date           │         Values         │
├─────────────┼─────────┼────────────┼──────────────────────────┼────────────────────────┤
│  device_id  │         │            │                          │       'lamp001'        │
│  transport  │         │            │                          │         'MQTT'         │
│ entity_name │         │            │                          │ 'urn:ngsi-ld:Lamp:001' │
│    data     │ 'NORTH' │  '03.30'   │ 2022-06-20T23:26:19.293Z │                        │
└─────────────┴─────────┴────────────┴──────────────────────────┴────────────────────────┘
Received Sensor: /ul/4jggokgpepnvsb2uv4s40d59op/weatherStation001/attrs
┌─────────────┬─────────┬────────────┬──────────────────────────┬────────────────────────┐
│   (index)   │  state  │ luminosity │           date           │         Values         │
├─────────────┼─────────┼────────────┼──────────────────────────┼────────────────────────┤
│  device_id  │         │            │                          │       'lamp001'        │
│  transport  │         │            │                          │         'MQTT'         │
│ entity_name │         │            │                          │ 'urn:ngsi-ld:Lamp:001' │
│    data     │ 'NORTH' │  '09.36'   │ 2022-06-20T23:26:49.317Z │                        │
└─────────────┴─────────┴────────────┴──────────────────────────┴────────────────────────┘
Received Sensor: /ul/4jggokgpepnvsb2uv4s40d59op/weatherStation001/attrs
┌─────────────┬─────────┬────────────┬──────────────────────────┬────────────────────────┐
│   (index)   │  state  │ luminosity │           date           │         Values         │
├─────────────┼─────────┼────────────┼──────────────────────────┼────────────────────────┤
│  device_id  │         │            │                          │       'lamp001'        │
│  transport  │         │            │                          │         'MQTT'         │
│ entity_name │         │            │                          │ 'urn:ngsi-ld:Lamp:001' │
│    data     │ 'SOUTH' │  '00.04'   │ 2022-06-20T23:27:19.338Z │                        │
└─────────────┴─────────┴────────────┴──────────────────────────┴────────────────────────┘
Received Sensor: /ul/4jggokgpepnvsb2uv4s40d59op/weatherStation001/attrs
┌─────────────┬─────────┬────────────┬──────────────────────────┬────────────────────────┐
│   (index)   │  state  │ luminosity │           date           │         Values         │
├─────────────┼─────────┼────────────┼──────────────────────────┼────────────────────────┤
│  device_id  │         │            │                          │       'lamp001'        │
│  transport  │         │            │                          │         'MQTT'         │
│ entity_name │         │            │                          │ 'urn:ngsi-ld:Lamp:001' │
│    data     │ 'SOUTH' │  '07.67'   │ 2022-06-20T23:27:49.366Z │                        │
└─────────────┴─────────┴────────────┴──────────────────────────┴────────────────────────┘
Received Sensor: /ul/4jggokgpepnvsb2uv4s40d59op/weatherStation001/attrs
┌─────────────┬─────────┬────────────┬──────────────────────────┬────────────────────────┐
│   (index)   │  state  │ luminosity │           date           │         Values         │
├─────────────┼─────────┼────────────┼──────────────────────────┼────────────────────────┤
│  device_id  │         │            │                          │       'lamp001'        │
│  transport  │         │            │                          │         'MQTT'         │
│ entity_name │         │            │                          │ 'urn:ngsi-ld:Lamp:001' │
│    data     │ 'SOUTH' │  '02.42'   │ 2022-06-20T23:28:19.396Z │                        │
└─────────────┴─────────┴────────────┴──────────────────────────┴────────────────────────┘
Received Sensor: /ul/4jggokgpepnvsb2uv4s40d59op/weatherStation001/attrs
